[0.829s] Invoking command in '/home/tiago/ros2_ws/build/my_robot_controller': PYTHONPATH=/home/tiago/ros2_ws/build/my_robot_controller/prefix_override:/home/tiago/ros2_ws/install/my_robot_controller/lib/python3.10/site-packages:${PYTHONPATH} /usr/bin/python3 setup.py develop --editable --build-directory /home/tiago/ros2_ws/build/my_robot_controller/build --no-deps install_data
[1.032s] running develop
[1.161s] running egg_info
[1.161s] writing my_robot_controller.egg-info/PKG-INFO
[1.161s] writing dependency_links to my_robot_controller.egg-info/dependency_links.txt
[1.161s] writing entry points to my_robot_controller.egg-info/entry_points.txt
[1.161s] writing requirements to my_robot_controller.egg-info/requires.txt
[1.161s] writing top-level names to my_robot_controller.egg-info/top_level.txt
[1.163s] reading manifest file 'my_robot_controller.egg-info/SOURCES.txt'
[1.164s] writing manifest file 'my_robot_controller.egg-info/SOURCES.txt'
[1.165s] running build_ext
[1.165s] Creating /home/tiago/ros2_ws/install/my_robot_controller/lib/python3.10/site-packages/my-robot-controller.egg-link (link to .)
[1.166s] Installing draw_circle script to /home/tiago/ros2_ws/install/my_robot_controller/lib/my_robot_controller
[1.166s] Installing pose_subscriber script to /home/tiago/ros2_ws/install/my_robot_controller/lib/my_robot_controller
[1.166s] Installing test_node script to /home/tiago/ros2_ws/install/my_robot_controller/lib/my_robot_controller
[1.166s] Installing turtle_controller script to /home/tiago/ros2_ws/install/my_robot_controller/lib/my_robot_controller
[1.166s] Installing wall_follower script to /home/tiago/ros2_ws/install/my_robot_controller/lib/my_robot_controller
[1.167s] 
[1.167s] Installed /home/tiago/ros2_ws/build/my_robot_controller
[1.167s] running install_data
[1.248s] Invoked command in '/home/tiago/ros2_ws/build/my_robot_controller' returned '0': PYTHONPATH=/home/tiago/ros2_ws/build/my_robot_controller/prefix_override:/home/tiago/ros2_ws/install/my_robot_controller/lib/python3.10/site-packages:${PYTHONPATH} /usr/bin/python3 setup.py develop --editable --build-directory /home/tiago/ros2_ws/build/my_robot_controller/build --no-deps install_data
