[0.997s] Invoking command in '/home/tiago/ros2_ws/src/my_robot_controller': PYTHONPATH=/home/tiago/ros2_ws/build/my_robot_controller/prefix_override:/home/tiago/ros2_ws/install/my_robot_controller/lib/python3.10/site-packages:${PYTHONPATH} /usr/bin/python3 setup.py egg_info --egg-base ../../build/my_robot_controller build --build-base /home/tiago/ros2_ws/build/my_robot_controller/build install --record /home/tiago/ros2_ws/build/my_robot_controller/install.log --single-version-externally-managed
[1.195s] running egg_info
[1.196s] writing ../../build/my_robot_controller/my_robot_controller.egg-info/PKG-INFO
[1.196s] writing dependency_links to ../../build/my_robot_controller/my_robot_controller.egg-info/dependency_links.txt
[1.196s] writing entry points to ../../build/my_robot_controller/my_robot_controller.egg-info/entry_points.txt
[1.196s] writing requirements to ../../build/my_robot_controller/my_robot_controller.egg-info/requires.txt
[1.197s] writing top-level names to ../../build/my_robot_controller/my_robot_controller.egg-info/top_level.txt
[1.198s] reading manifest file '../../build/my_robot_controller/my_robot_controller.egg-info/SOURCES.txt'
[1.199s] writing manifest file '../../build/my_robot_controller/my_robot_controller.egg-info/SOURCES.txt'
[1.199s] running build
[1.200s] running build_py
[1.200s] running install
[1.200s] running install_lib
[1.201s] running install_data
[1.202s] running install_egg_info
[1.204s] removing '/home/tiago/ros2_ws/install/my_robot_controller/lib/python3.10/site-packages/my_robot_controller-0.0.0-py3.10.egg-info' (and everything under it)
[1.204s] Copying ../../build/my_robot_controller/my_robot_controller.egg-info to /home/tiago/ros2_ws/install/my_robot_controller/lib/python3.10/site-packages/my_robot_controller-0.0.0-py3.10.egg-info
[1.205s] running install_scripts
[1.220s] Installing draw_circle script to /home/tiago/ros2_ws/install/my_robot_controller/lib/my_robot_controller
[1.220s] Installing pose_subscriber script to /home/tiago/ros2_ws/install/my_robot_controller/lib/my_robot_controller
[1.220s] Installing test_node script to /home/tiago/ros2_ws/install/my_robot_controller/lib/my_robot_controller
[1.220s] Installing turtle_controller script to /home/tiago/ros2_ws/install/my_robot_controller/lib/my_robot_controller
[1.220s] Installing wall_follower script to /home/tiago/ros2_ws/install/my_robot_controller/lib/my_robot_controller
[1.221s] writing list of installed files to '/home/tiago/ros2_ws/build/my_robot_controller/install.log'
[1.285s] Invoked command in '/home/tiago/ros2_ws/src/my_robot_controller' returned '0': PYTHONPATH=/home/tiago/ros2_ws/build/my_robot_controller/prefix_override:/home/tiago/ros2_ws/install/my_robot_controller/lib/python3.10/site-packages:${PYTHONPATH} /usr/bin/python3 setup.py egg_info --egg-base ../../build/my_robot_controller build --build-base /home/tiago/ros2_ws/build/my_robot_controller/build install --record /home/tiago/ros2_ws/build/my_robot_controller/install.log --single-version-externally-managed
