[0.808s] DEBUG:colcon:Command line arguments: ['/usr/bin/colcon', 'build', '--symlink-install']
[0.808s] DEBUG:colcon:Parsed command line arguments: Namespace(log_base=None, log_level=None, verb_name='build', build_base='build', install_base='install', merge_install=False, symlink_install=True, test_result_base=None, continue_on_error=False, executor='parallel', parallel_workers=16, event_handlers=None, ignore_user_meta=False, metas=['./colcon.meta'], base_paths=['.'], packages_ignore=None, packages_ignore_regex=None, paths=None, packages_up_to=None, packages_up_to_regex=None, packages_above=None, packages_above_and_dependencies=None, packages_above_depth=None, packages_select_by_dep=None, packages_skip_by_dep=None, packages_skip_up_to=None, packages_select_build_failed=False, packages_skip_build_finished=False, packages_select_test_failures=False, packages_skip_test_passed=False, packages_select=None, packages_skip=None, packages_select_regex=None, packages_skip_regex=None, packages_start=None, packages_end=None, allow_overriding=[], cmake_args=None, cmake_target=None, cmake_target_skip_unavailable=False, cmake_clean_cache=False, cmake_clean_first=False, cmake_force_configure=False, ament_cmake_args=None, catkin_cmake_args=None, catkin_skip_building_tests=False, verb_parser=<colcon_defaults.argument_parser.defaults.DefaultArgumentsDecorator object at 0x7f74860a6920>, verb_extension=<colcon_core.verb.build.BuildVerb object at 0x7f74860a6410>, main=<bound method BuildVerb.main of <colcon_core.verb.build.BuildVerb object at 0x7f74860a6410>>)
[0.845s] Level 1:colcon.colcon_core.package_discovery:discover_packages(colcon_meta) check parameters
[0.845s] Level 1:colcon.colcon_core.package_discovery:discover_packages(recursive) check parameters
[0.845s] Level 1:colcon.colcon_core.package_discovery:discover_packages(ignore) check parameters
[0.845s] Level 1:colcon.colcon_core.package_discovery:discover_packages(path) check parameters
[0.845s] Level 1:colcon.colcon_core.package_discovery:discover_packages(colcon_meta) discover
[0.845s] Level 1:colcon.colcon_core.package_discovery:discover_packages(recursive) discover
[0.846s] INFO:colcon.colcon_core.package_discovery:Crawling recursively for packages in '/home/tiago/ros2_ws'
[0.846s] Level 1:colcon.colcon_core.package_identification:_identify(.) by extensions ['ignore', 'ignore_ament_install']
[0.846s] Level 1:colcon.colcon_core.package_identification:_identify(.) by extension 'ignore'
[0.846s] Level 1:colcon.colcon_core.package_identification:_identify(.) by extension 'ignore_ament_install'
[0.846s] Level 1:colcon.colcon_core.package_identification:_identify(.) by extensions ['colcon_pkg']
[0.846s] Level 1:colcon.colcon_core.package_identification:_identify(.) by extension 'colcon_pkg'
[0.846s] Level 1:colcon.colcon_core.package_identification:_identify(.) by extensions ['colcon_meta']
[0.846s] Level 1:colcon.colcon_core.package_identification:_identify(.) by extension 'colcon_meta'
[0.846s] Level 1:colcon.colcon_core.package_identification:_identify(.) by extensions ['ros']
[0.846s] Level 1:colcon.colcon_core.package_identification:_identify(.) by extension 'ros'
[0.854s] Level 1:colcon.colcon_core.package_identification:_identify(.) by extensions ['cmake', 'python']
[0.854s] Level 1:colcon.colcon_core.package_identification:_identify(.) by extension 'cmake'
[0.854s] Level 1:colcon.colcon_core.package_identification:_identify(.) by extension 'python'
[0.854s] Level 1:colcon.colcon_core.package_identification:_identify(.) by extensions ['python_setup_py']
[0.854s] Level 1:colcon.colcon_core.package_identification:_identify(.) by extension 'python_setup_py'
[0.855s] Level 1:colcon.colcon_core.package_identification:_identify(build) by extensions ['ignore', 'ignore_ament_install']
[0.855s] Level 1:colcon.colcon_core.package_identification:_identify(build) by extension 'ignore'
[0.855s] Level 1:colcon.colcon_core.package_identification:_identify(build) ignored
[0.855s] Level 1:colcon.colcon_core.package_identification:_identify(install) by extensions ['ignore', 'ignore_ament_install']
[0.855s] Level 1:colcon.colcon_core.package_identification:_identify(install) by extension 'ignore'
[0.855s] Level 1:colcon.colcon_core.package_identification:_identify(install) ignored
[0.855s] Level 1:colcon.colcon_core.package_identification:_identify(log) by extensions ['ignore', 'ignore_ament_install']
[0.855s] Level 1:colcon.colcon_core.package_identification:_identify(log) by extension 'ignore'
[0.855s] Level 1:colcon.colcon_core.package_identification:_identify(log) ignored
[0.855s] Level 1:colcon.colcon_core.package_identification:_identify(src) by extensions ['ignore', 'ignore_ament_install']
[0.855s] Level 1:colcon.colcon_core.package_identification:_identify(src) by extension 'ignore'
[0.855s] Level 1:colcon.colcon_core.package_identification:_identify(src) by extension 'ignore_ament_install'
[0.855s] Level 1:colcon.colcon_core.package_identification:_identify(src) by extensions ['colcon_pkg']
[0.855s] Level 1:colcon.colcon_core.package_identification:_identify(src) by extension 'colcon_pkg'
[0.855s] Level 1:colcon.colcon_core.package_identification:_identify(src) by extensions ['colcon_meta']
[0.855s] Level 1:colcon.colcon_core.package_identification:_identify(src) by extension 'colcon_meta'
[0.855s] Level 1:colcon.colcon_core.package_identification:_identify(src) by extensions ['ros']
[0.855s] Level 1:colcon.colcon_core.package_identification:_identify(src) by extension 'ros'
[0.855s] Level 1:colcon.colcon_core.package_identification:_identify(src) by extensions ['cmake', 'python']
[0.855s] Level 1:colcon.colcon_core.package_identification:_identify(src) by extension 'cmake'
[0.856s] Level 1:colcon.colcon_core.package_identification:_identify(src) by extension 'python'
[0.856s] Level 1:colcon.colcon_core.package_identification:_identify(src) by extensions ['python_setup_py']
[0.856s] Level 1:colcon.colcon_core.package_identification:_identify(src) by extension 'python_setup_py'
[0.856s] Level 1:colcon.colcon_core.package_identification:_identify(src/IR_assignment1_controller) by extensions ['ignore', 'ignore_ament_install']
[0.856s] Level 1:colcon.colcon_core.package_identification:_identify(src/IR_assignment1_controller) by extension 'ignore'
[0.856s] Level 1:colcon.colcon_core.package_identification:_identify(src/IR_assignment1_controller) by extension 'ignore_ament_install'
[0.856s] Level 1:colcon.colcon_core.package_identification:_identify(src/IR_assignment1_controller) by extensions ['colcon_pkg']
[0.856s] Level 1:colcon.colcon_core.package_identification:_identify(src/IR_assignment1_controller) by extension 'colcon_pkg'
[0.856s] Level 1:colcon.colcon_core.package_identification:_identify(src/IR_assignment1_controller) by extensions ['colcon_meta']
[0.856s] Level 1:colcon.colcon_core.package_identification:_identify(src/IR_assignment1_controller) by extension 'colcon_meta'
[0.856s] Level 1:colcon.colcon_core.package_identification:_identify(src/IR_assignment1_controller) by extensions ['ros']
[0.856s] Level 1:colcon.colcon_core.package_identification:_identify(src/IR_assignment1_controller) by extension 'ros'
[0.858s] DEBUG:colcon.colcon_core.package_identification:Package 'src/IR_assignment1_controller' with type 'ros.ament_python' and name 'IR_assignment1_controller'
[0.858s] Level 1:colcon.colcon_core.package_identification:_identify(src/my_robot_controller) by extensions ['ignore', 'ignore_ament_install']
[0.858s] Level 1:colcon.colcon_core.package_identification:_identify(src/my_robot_controller) by extension 'ignore'
[0.858s] Level 1:colcon.colcon_core.package_identification:_identify(src/my_robot_controller) by extension 'ignore_ament_install'
[0.858s] Level 1:colcon.colcon_core.package_identification:_identify(src/my_robot_controller) by extensions ['colcon_pkg']
[0.858s] Level 1:colcon.colcon_core.package_identification:_identify(src/my_robot_controller) by extension 'colcon_pkg'
[0.858s] Level 1:colcon.colcon_core.package_identification:_identify(src/my_robot_controller) by extensions ['colcon_meta']
[0.858s] Level 1:colcon.colcon_core.package_identification:_identify(src/my_robot_controller) by extension 'colcon_meta'
[0.858s] Level 1:colcon.colcon_core.package_identification:_identify(src/my_robot_controller) by extensions ['ros']
[0.858s] Level 1:colcon.colcon_core.package_identification:_identify(src/my_robot_controller) by extension 'ros'
[0.859s] DEBUG:colcon.colcon_core.package_identification:Package 'src/my_robot_controller' with type 'ros.ament_python' and name 'my_robot_controller'
[0.859s] Level 1:colcon.colcon_core.package_discovery:discover_packages(recursive) using defaults
[0.859s] Level 1:colcon.colcon_core.package_discovery:discover_packages(ignore) discover
[0.859s] Level 1:colcon.colcon_core.package_discovery:discover_packages(ignore) using defaults
[0.859s] Level 1:colcon.colcon_core.package_discovery:discover_packages(path) discover
[0.859s] Level 1:colcon.colcon_core.package_discovery:discover_packages(path) using defaults
[0.933s] Level 1:colcon.colcon_core.package_discovery:discover_packages(prefix_path) check parameters
[0.934s] Level 1:colcon.colcon_core.package_discovery:discover_packages(prefix_path) discover
[0.957s] DEBUG:colcon.colcon_installed_package_information.package_discovery:Found 2 installed packages in /home/tiago/ros2_ws/install
[0.970s] DEBUG:colcon.colcon_installed_package_information.package_discovery:Found 295 installed packages in /opt/ros/iron
[0.971s] Level 1:colcon.colcon_core.package_discovery:discover_packages(prefix_path) using defaults
[1.041s] Level 5:colcon.colcon_core.verb:set package 'IR_assignment1_controller' build argument 'cmake_args' from command line to 'None'
[1.041s] Level 5:colcon.colcon_core.verb:set package 'IR_assignment1_controller' build argument 'cmake_target' from command line to 'None'
[1.041s] Level 5:colcon.colcon_core.verb:set package 'IR_assignment1_controller' build argument 'cmake_target_skip_unavailable' from command line to 'False'
[1.041s] Level 5:colcon.colcon_core.verb:set package 'IR_assignment1_controller' build argument 'cmake_clean_cache' from command line to 'False'
[1.041s] Level 5:colcon.colcon_core.verb:set package 'IR_assignment1_controller' build argument 'cmake_clean_first' from command line to 'False'
[1.041s] Level 5:colcon.colcon_core.verb:set package 'IR_assignment1_controller' build argument 'cmake_force_configure' from command line to 'False'
[1.041s] Level 5:colcon.colcon_core.verb:set package 'IR_assignment1_controller' build argument 'ament_cmake_args' from command line to 'None'
[1.041s] Level 5:colcon.colcon_core.verb:set package 'IR_assignment1_controller' build argument 'catkin_cmake_args' from command line to 'None'
[1.041s] Level 5:colcon.colcon_core.verb:set package 'IR_assignment1_controller' build argument 'catkin_skip_building_tests' from command line to 'False'
[1.042s] DEBUG:colcon.colcon_core.verb:Building package 'IR_assignment1_controller' with the following arguments: {'ament_cmake_args': None, 'build_base': '/home/tiago/ros2_ws/build/IR_assignment1_controller', 'catkin_cmake_args': None, 'catkin_skip_building_tests': False, 'cmake_args': None, 'cmake_clean_cache': False, 'cmake_clean_first': False, 'cmake_force_configure': False, 'cmake_target': None, 'cmake_target_skip_unavailable': False, 'install_base': '/home/tiago/ros2_ws/install/IR_assignment1_controller', 'merge_install': False, 'path': '/home/tiago/ros2_ws/src/IR_assignment1_controller', 'symlink_install': True, 'test_result_base': None}
[1.053s] Level 5:colcon.colcon_core.verb:set package 'my_robot_controller' build argument 'cmake_args' from command line to 'None'
[1.053s] Level 5:colcon.colcon_core.verb:set package 'my_robot_controller' build argument 'cmake_target' from command line to 'None'
[1.053s] Level 5:colcon.colcon_core.verb:set package 'my_robot_controller' build argument 'cmake_target_skip_unavailable' from command line to 'False'
[1.053s] Level 5:colcon.colcon_core.verb:set package 'my_robot_controller' build argument 'cmake_clean_cache' from command line to 'False'
[1.053s] Level 5:colcon.colcon_core.verb:set package 'my_robot_controller' build argument 'cmake_clean_first' from command line to 'False'
[1.053s] Level 5:colcon.colcon_core.verb:set package 'my_robot_controller' build argument 'cmake_force_configure' from command line to 'False'
[1.053s] Level 5:colcon.colcon_core.verb:set package 'my_robot_controller' build argument 'ament_cmake_args' from command line to 'None'
[1.053s] Level 5:colcon.colcon_core.verb:set package 'my_robot_controller' build argument 'catkin_cmake_args' from command line to 'None'
[1.053s] Level 5:colcon.colcon_core.verb:set package 'my_robot_controller' build argument 'catkin_skip_building_tests' from command line to 'False'
[1.053s] DEBUG:colcon.colcon_core.verb:Building package 'my_robot_controller' with the following arguments: {'ament_cmake_args': None, 'build_base': '/home/tiago/ros2_ws/build/my_robot_controller', 'catkin_cmake_args': None, 'catkin_skip_building_tests': False, 'cmake_args': None, 'cmake_clean_cache': False, 'cmake_clean_first': False, 'cmake_force_configure': False, 'cmake_target': None, 'cmake_target_skip_unavailable': False, 'install_base': '/home/tiago/ros2_ws/install/my_robot_controller', 'merge_install': False, 'path': '/home/tiago/ros2_ws/src/my_robot_controller', 'symlink_install': True, 'test_result_base': None}
[1.065s] INFO:colcon.colcon_core.executor:Executing jobs using 'parallel' executor
[1.077s] DEBUG:colcon.colcon_parallel_executor.executor.parallel:run_until_complete
[1.077s] INFO:colcon.colcon_ros.task.ament_python.build:Building ROS package in '/home/tiago/ros2_ws/src/IR_assignment1_controller' with build type 'ament_python'
[1.077s] Level 1:colcon.colcon_core.shell:create_environment_hook('IR_assignment1_controller', 'ament_prefix_path')
[1.090s] INFO:colcon.colcon_core.plugin_system:Skipping extension 'colcon_core.shell.bat': Not used on non-Windows systems
[1.090s] INFO:colcon.colcon_core.shell:Creating environment hook '/home/tiago/ros2_ws/install/IR_assignment1_controller/share/IR_assignment1_controller/hook/ament_prefix_path.ps1'
[1.091s] INFO:colcon.colcon_core.shell:Creating environment descriptor '/home/tiago/ros2_ws/install/IR_assignment1_controller/share/IR_assignment1_controller/hook/ament_prefix_path.dsv'
[1.091s] INFO:colcon.colcon_core.shell:Creating environment hook '/home/tiago/ros2_ws/install/IR_assignment1_controller/share/IR_assignment1_controller/hook/ament_prefix_path.sh'
[1.103s] INFO:colcon.colcon_core.shell:Skip shell extension 'powershell' for command environment: Not usable outside of PowerShell
[1.103s] DEBUG:colcon.colcon_core.shell:Skip shell extension 'dsv' for command environment
[1.140s] INFO:colcon.colcon_ros.task.ament_python.build:Building ROS package in '/home/tiago/ros2_ws/src/my_robot_controller' with build type 'ament_python'
[1.140s] Level 1:colcon.colcon_core.shell:create_environment_hook('my_robot_controller', 'ament_prefix_path')
[1.152s] INFO:colcon.colcon_core.shell:Creating environment hook '/home/tiago/ros2_ws/install/my_robot_controller/share/my_robot_controller/hook/ament_prefix_path.ps1'
[1.153s] INFO:colcon.colcon_core.shell:Creating environment descriptor '/home/tiago/ros2_ws/install/my_robot_controller/share/my_robot_controller/hook/ament_prefix_path.dsv'
[1.153s] INFO:colcon.colcon_core.shell:Creating environment hook '/home/tiago/ros2_ws/install/my_robot_controller/share/my_robot_controller/hook/ament_prefix_path.sh'
[1.165s] INFO:colcon.colcon_core.shell:Skip shell extension 'powershell' for command environment: Not usable outside of PowerShell
[1.165s] DEBUG:colcon.colcon_core.shell:Skip shell extension 'dsv' for command environment
[1.411s] INFO:colcon.colcon_core.task.python.build:Building Python package in '/home/tiago/ros2_ws/src/IR_assignment1_controller'
[1.423s] INFO:colcon.colcon_core.shell:Skip shell extension 'powershell' for command environment: Not usable outside of PowerShell
[1.423s] DEBUG:colcon.colcon_core.shell:Skip shell extension 'dsv' for command environment
[1.677s] INFO:colcon.colcon_core.task.python.build:Building Python package in '/home/tiago/ros2_ws/src/my_robot_controller'
[1.692s] INFO:colcon.colcon_core.shell:Skip shell extension 'powershell' for command environment: Not usable outside of PowerShell
[1.692s] DEBUG:colcon.colcon_core.shell:Skip shell extension 'dsv' for command environment
[2.005s] DEBUG:colcon.colcon_core.task.python.build:While undoing a previous installation files outside the Python library path are being ignored: /home/tiago/ros2_ws/install/my_robot_controller/share/ament_index/resource_index/packages/my_robot_controller
[2.005s] DEBUG:colcon.colcon_core.task.python.build:While undoing a previous installation files outside the Python library path are being ignored: /home/tiago/ros2_ws/install/my_robot_controller/share/my_robot_controller/package.xml
[2.005s] DEBUG:colcon.colcon_core.task.python.build:While undoing a previous installation files outside the Python library path are being ignored: /home/tiago/ros2_ws/install/my_robot_controller/lib/my_robot_controller/draw_circle
[2.005s] DEBUG:colcon.colcon_core.task.python.build:While undoing a previous installation files outside the Python library path are being ignored: /home/tiago/ros2_ws/install/my_robot_controller/lib/my_robot_controller/pose_subscriber
[2.005s] DEBUG:colcon.colcon_core.task.python.build:While undoing a previous installation files outside the Python library path are being ignored: /home/tiago/ros2_ws/install/my_robot_controller/lib/my_robot_controller/test_node
[2.005s] DEBUG:colcon.colcon_core.task.python.build:While undoing a previous installation files outside the Python library path are being ignored: /home/tiago/ros2_ws/install/my_robot_controller/lib/my_robot_controller/turtle_controller
[2.005s] DEBUG:colcon.colcon_core.task.python.build:While undoing a previous installation files outside the Python library path are being ignored: /home/tiago/ros2_ws/install/my_robot_controller/lib/my_robot_controller/wall_follower
[2.009s] DEBUG:colcon.colcon_core.event_handler.log_command:Invoking command in '/home/tiago/ros2_ws/build/my_robot_controller': PYTHONPATH=/home/tiago/ros2_ws/build/my_robot_controller/prefix_override:/home/tiago/ros2_ws/install/my_robot_controller/lib/python3.10/site-packages:${PYTHONPATH} /usr/bin/python3 setup.py develop --editable --build-directory /home/tiago/ros2_ws/build/my_robot_controller/build --no-deps install_data
[2.022s] DEBUG:colcon.colcon_core.task.python.build:While undoing a previous installation files outside the Python library path are being ignored: /home/tiago/ros2_ws/install/IR_assignment1_controller/share/ament_index/resource_index/packages/IR_assignment1_controller
[2.022s] DEBUG:colcon.colcon_core.task.python.build:While undoing a previous installation files outside the Python library path are being ignored: /home/tiago/ros2_ws/install/IR_assignment1_controller/share/IR_assignment1_controller/package.xml
[2.022s] DEBUG:colcon.colcon_core.task.python.build:While undoing a previous installation files outside the Python library path are being ignored: /home/tiago/ros2_ws/install/IR_assignment1_controller/lib/IR_assignment1_controller/wall_follower
[2.024s] DEBUG:colcon.colcon_core.event_handler.log_command:Invoking command in '/home/tiago/ros2_ws/build/IR_assignment1_controller': PYTHONPATH=/home/tiago/ros2_ws/build/IR_assignment1_controller/prefix_override:/home/tiago/ros2_ws/install/IR_assignment1_controller/lib/python3.10/site-packages:${PYTHONPATH} /usr/bin/python3 setup.py develop --editable --build-directory /home/tiago/ros2_ws/build/IR_assignment1_controller/build --no-deps install_data
[2.393s] Level 1:colcon.colcon_core.shell:create_environment_hook('my_robot_controller', 'pythonpath_develop')
[2.393s] DEBUG:colcon.colcon_core.event_handler.log_command:Invoked command in '/home/tiago/ros2_ws/build/my_robot_controller' returned '0': PYTHONPATH=/home/tiago/ros2_ws/build/my_robot_controller/prefix_override:/home/tiago/ros2_ws/install/my_robot_controller/lib/python3.10/site-packages:${PYTHONPATH} /usr/bin/python3 setup.py develop --editable --build-directory /home/tiago/ros2_ws/build/my_robot_controller/build --no-deps install_data
[2.405s] INFO:colcon.colcon_core.shell:Creating environment hook '/home/tiago/ros2_ws/build/my_robot_controller/share/my_robot_controller/hook/pythonpath_develop.ps1'
[2.406s] INFO:colcon.colcon_core.shell:Creating environment descriptor '/home/tiago/ros2_ws/build/my_robot_controller/share/my_robot_controller/hook/pythonpath_develop.dsv'
[2.406s] INFO:colcon.colcon_core.shell:Creating environment hook '/home/tiago/ros2_ws/build/my_robot_controller/share/my_robot_controller/hook/pythonpath_develop.sh'
[2.420s] Level 1:colcon.colcon_core.environment:checking '/home/tiago/ros2_ws/install/my_robot_controller' for CMake module files
[2.420s] Level 1:colcon.colcon_core.environment:checking '/home/tiago/ros2_ws/install/my_robot_controller' for CMake config files
[2.421s] Level 1:colcon.colcon_core.environment:checking '/home/tiago/ros2_ws/install/my_robot_controller/lib'
[2.421s] Level 1:colcon.colcon_core.environment:checking '/home/tiago/ros2_ws/install/my_robot_controller/bin'
[2.421s] Level 1:colcon.colcon_core.environment:checking '/home/tiago/ros2_ws/install/my_robot_controller/lib/pkgconfig/my_robot_controller.pc'
[2.421s] Level 1:colcon.colcon_core.environment:checking '/home/tiago/ros2_ws/install/my_robot_controller/lib/python3.10/site-packages'
[2.421s] Level 1:colcon.colcon_core.shell:create_environment_hook('my_robot_controller', 'pythonpath')
[2.434s] INFO:colcon.colcon_core.shell:Creating environment hook '/home/tiago/ros2_ws/install/my_robot_controller/share/my_robot_controller/hook/pythonpath.ps1'
[2.434s] INFO:colcon.colcon_core.shell:Creating environment descriptor '/home/tiago/ros2_ws/install/my_robot_controller/share/my_robot_controller/hook/pythonpath.dsv'
[2.434s] INFO:colcon.colcon_core.shell:Creating environment hook '/home/tiago/ros2_ws/install/my_robot_controller/share/my_robot_controller/hook/pythonpath.sh'
[2.435s] Level 1:colcon.colcon_core.environment:checking '/home/tiago/ros2_ws/install/my_robot_controller/bin'
[2.435s] Level 1:colcon.colcon_core.environment:create_environment_scripts_only(my_robot_controller)
[2.447s] INFO:colcon.colcon_core.shell:Creating package script '/home/tiago/ros2_ws/install/my_robot_controller/share/my_robot_controller/package.ps1'
[2.447s] INFO:colcon.colcon_core.shell:Creating package descriptor '/home/tiago/ros2_ws/install/my_robot_controller/share/my_robot_controller/package.dsv'
[2.448s] INFO:colcon.colcon_core.shell:Creating package script '/home/tiago/ros2_ws/install/my_robot_controller/share/my_robot_controller/package.sh'
[2.448s] INFO:colcon.colcon_core.shell:Creating package script '/home/tiago/ros2_ws/install/my_robot_controller/share/my_robot_controller/package.bash'
[2.449s] INFO:colcon.colcon_core.shell:Creating package script '/home/tiago/ros2_ws/install/my_robot_controller/share/my_robot_controller/package.zsh'
[2.449s] Level 1:colcon.colcon_core.environment:create_file_with_runtime_dependencies(/home/tiago/ros2_ws/install/my_robot_controller/share/colcon-core/packages/my_robot_controller)
[2.450s] Level 1:colcon.colcon_core.shell:create_environment_hook('IR_assignment1_controller', 'pythonpath_develop')
[2.451s] DEBUG:colcon.colcon_core.event_handler.log_command:Invoked command in '/home/tiago/ros2_ws/build/IR_assignment1_controller' returned '0': PYTHONPATH=/home/tiago/ros2_ws/build/IR_assignment1_controller/prefix_override:/home/tiago/ros2_ws/install/IR_assignment1_controller/lib/python3.10/site-packages:${PYTHONPATH} /usr/bin/python3 setup.py develop --editable --build-directory /home/tiago/ros2_ws/build/IR_assignment1_controller/build --no-deps install_data
[2.464s] INFO:colcon.colcon_core.shell:Creating environment hook '/home/tiago/ros2_ws/build/IR_assignment1_controller/share/IR_assignment1_controller/hook/pythonpath_develop.ps1'
[2.464s] INFO:colcon.colcon_core.shell:Creating environment descriptor '/home/tiago/ros2_ws/build/IR_assignment1_controller/share/IR_assignment1_controller/hook/pythonpath_develop.dsv'
[2.464s] INFO:colcon.colcon_core.shell:Creating environment hook '/home/tiago/ros2_ws/build/IR_assignment1_controller/share/IR_assignment1_controller/hook/pythonpath_develop.sh'
[2.476s] Level 1:colcon.colcon_core.environment:checking '/home/tiago/ros2_ws/install/IR_assignment1_controller' for CMake module files
[2.477s] Level 1:colcon.colcon_core.environment:checking '/home/tiago/ros2_ws/install/IR_assignment1_controller' for CMake config files
[2.477s] Level 1:colcon.colcon_core.environment:checking '/home/tiago/ros2_ws/install/IR_assignment1_controller/lib'
[2.477s] Level 1:colcon.colcon_core.environment:checking '/home/tiago/ros2_ws/install/IR_assignment1_controller/bin'
[2.477s] Level 1:colcon.colcon_core.environment:checking '/home/tiago/ros2_ws/install/IR_assignment1_controller/lib/pkgconfig/IR_assignment1_controller.pc'
[2.478s] Level 1:colcon.colcon_core.environment:checking '/home/tiago/ros2_ws/install/IR_assignment1_controller/lib/python3.10/site-packages'
[2.478s] Level 1:colcon.colcon_core.shell:create_environment_hook('IR_assignment1_controller', 'pythonpath')
[2.490s] INFO:colcon.colcon_core.shell:Creating environment hook '/home/tiago/ros2_ws/install/IR_assignment1_controller/share/IR_assignment1_controller/hook/pythonpath.ps1'
[2.490s] INFO:colcon.colcon_core.shell:Creating environment descriptor '/home/tiago/ros2_ws/install/IR_assignment1_controller/share/IR_assignment1_controller/hook/pythonpath.dsv'
[2.490s] INFO:colcon.colcon_core.shell:Creating environment hook '/home/tiago/ros2_ws/install/IR_assignment1_controller/share/IR_assignment1_controller/hook/pythonpath.sh'
[2.491s] Level 1:colcon.colcon_core.environment:checking '/home/tiago/ros2_ws/install/IR_assignment1_controller/bin'
[2.491s] Level 1:colcon.colcon_core.environment:create_environment_scripts_only(IR_assignment1_controller)
[2.503s] INFO:colcon.colcon_core.shell:Creating package script '/home/tiago/ros2_ws/install/IR_assignment1_controller/share/IR_assignment1_controller/package.ps1'
[2.503s] INFO:colcon.colcon_core.shell:Creating package descriptor '/home/tiago/ros2_ws/install/IR_assignment1_controller/share/IR_assignment1_controller/package.dsv'
[2.503s] INFO:colcon.colcon_core.shell:Creating package script '/home/tiago/ros2_ws/install/IR_assignment1_controller/share/IR_assignment1_controller/package.sh'
[2.504s] INFO:colcon.colcon_core.shell:Creating package script '/home/tiago/ros2_ws/install/IR_assignment1_controller/share/IR_assignment1_controller/package.bash'
[2.504s] INFO:colcon.colcon_core.shell:Creating package script '/home/tiago/ros2_ws/install/IR_assignment1_controller/share/IR_assignment1_controller/package.zsh'
[2.504s] Level 1:colcon.colcon_core.environment:create_file_with_runtime_dependencies(/home/tiago/ros2_ws/install/IR_assignment1_controller/share/colcon-core/packages/IR_assignment1_controller)
[2.505s] DEBUG:colcon.colcon_parallel_executor.executor.parallel:closing loop
[2.505s] DEBUG:colcon.colcon_parallel_executor.executor.parallel:loop closed
[2.505s] DEBUG:colcon.colcon_parallel_executor.executor.parallel:run_until_complete finished with '0'
[2.505s] DEBUG:colcon.colcon_core.event_reactor:joining thread
[2.524s] INFO:colcon.colcon_core.plugin_system:Skipping extension 'colcon_notification.desktop_notification.terminal_notifier': Not used on non-Darwin systems
[2.524s] INFO:colcon.colcon_core.plugin_system:Skipping extension 'colcon_notification.desktop_notification.win32': Not used on non-Windows systems
[2.524s] INFO:colcon.colcon_notification.desktop_notification:Sending desktop notification using 'notify2'
[2.533s] DEBUG:colcon.colcon_core.event_reactor:joined thread
[2.546s] INFO:colcon.colcon_core.shell:Creating prefix script '/home/tiago/ros2_ws/install/local_setup.ps1'
[2.546s] INFO:colcon.colcon_core.shell:Creating prefix util module '/home/tiago/ros2_ws/install/_local_setup_util_ps1.py'
[2.547s] INFO:colcon.colcon_core.shell:Creating prefix chain script '/home/tiago/ros2_ws/install/setup.ps1'
[2.560s] INFO:colcon.colcon_core.shell:Creating prefix script '/home/tiago/ros2_ws/install/local_setup.sh'
[2.560s] INFO:colcon.colcon_core.shell:Creating prefix util module '/home/tiago/ros2_ws/install/_local_setup_util_sh.py'
[2.560s] INFO:colcon.colcon_core.shell:Creating prefix chain script '/home/tiago/ros2_ws/install/setup.sh'
[2.573s] INFO:colcon.colcon_core.shell:Creating prefix script '/home/tiago/ros2_ws/install/local_setup.bash'
[2.573s] INFO:colcon.colcon_core.shell:Creating prefix chain script '/home/tiago/ros2_ws/install/setup.bash'
[2.586s] INFO:colcon.colcon_core.shell:Creating prefix script '/home/tiago/ros2_ws/install/local_setup.zsh'
[2.586s] INFO:colcon.colcon_core.shell:Creating prefix chain script '/home/tiago/ros2_ws/install/setup.zsh'
