[1.044s] DEBUG:colcon:Command line arguments: ['/usr/bin/colcon', 'build', '--symlink-install']
[1.044s] DEBUG:colcon:Parsed command line arguments: Namespace(log_base=None, log_level=None, verb_name='build', build_base='build', install_base='install', merge_install=False, symlink_install=True, test_result_base=None, continue_on_error=False, executor='parallel', parallel_workers=16, event_handlers=None, ignore_user_meta=False, metas=['./colcon.meta'], base_paths=['.'], packages_ignore=None, packages_ignore_regex=None, paths=None, packages_up_to=None, packages_up_to_regex=None, packages_above=None, packages_above_and_dependencies=None, packages_above_depth=None, packages_select_by_dep=None, packages_skip_by_dep=None, packages_skip_up_to=None, packages_select_build_failed=False, packages_skip_build_finished=False, packages_select_test_failures=False, packages_skip_test_passed=False, packages_select=None, packages_skip=None, packages_select_regex=None, packages_skip_regex=None, packages_start=None, packages_end=None, allow_overriding=[], cmake_args=None, cmake_target=None, cmake_target_skip_unavailable=False, cmake_clean_cache=False, cmake_clean_first=False, cmake_force_configure=False, ament_cmake_args=None, catkin_cmake_args=None, catkin_skip_building_tests=False, verb_parser=<colcon_defaults.argument_parser.defaults.DefaultArgumentsDecorator object at 0x7f593358ab60>, verb_extension=<colcon_core.verb.build.BuildVerb object at 0x7f593358a650>, main=<bound method BuildVerb.main of <colcon_core.verb.build.BuildVerb object at 0x7f593358a650>>)
[1.091s] Level 1:colcon.colcon_core.package_discovery:discover_packages(colcon_meta) check parameters
[1.091s] Level 1:colcon.colcon_core.package_discovery:discover_packages(recursive) check parameters
[1.091s] Level 1:colcon.colcon_core.package_discovery:discover_packages(ignore) check parameters
[1.091s] Level 1:colcon.colcon_core.package_discovery:discover_packages(path) check parameters
[1.091s] Level 1:colcon.colcon_core.package_discovery:discover_packages(colcon_meta) discover
[1.091s] Level 1:colcon.colcon_core.package_discovery:discover_packages(recursive) discover
[1.091s] INFO:colcon.colcon_core.package_discovery:Crawling recursively for packages in '/home/tiago/ros2_ws'
[1.091s] Level 1:colcon.colcon_core.package_identification:_identify(.) by extensions ['ignore', 'ignore_ament_install']
[1.092s] Level 1:colcon.colcon_core.package_identification:_identify(.) by extension 'ignore'
[1.092s] Level 1:colcon.colcon_core.package_identification:_identify(.) by extension 'ignore_ament_install'
[1.092s] Level 1:colcon.colcon_core.package_identification:_identify(.) by extensions ['colcon_pkg']
[1.092s] Level 1:colcon.colcon_core.package_identification:_identify(.) by extension 'colcon_pkg'
[1.092s] Level 1:colcon.colcon_core.package_identification:_identify(.) by extensions ['colcon_meta']
[1.092s] Level 1:colcon.colcon_core.package_identification:_identify(.) by extension 'colcon_meta'
[1.092s] Level 1:colcon.colcon_core.package_identification:_identify(.) by extensions ['ros']
[1.092s] Level 1:colcon.colcon_core.package_identification:_identify(.) by extension 'ros'
[1.102s] Level 1:colcon.colcon_core.package_identification:_identify(.) by extensions ['cmake', 'python']
[1.102s] Level 1:colcon.colcon_core.package_identification:_identify(.) by extension 'cmake'
[1.102s] Level 1:colcon.colcon_core.package_identification:_identify(.) by extension 'python'
[1.102s] Level 1:colcon.colcon_core.package_identification:_identify(.) by extensions ['python_setup_py']
[1.102s] Level 1:colcon.colcon_core.package_identification:_identify(.) by extension 'python_setup_py'
[1.102s] Level 1:colcon.colcon_core.package_identification:_identify(build) by extensions ['ignore', 'ignore_ament_install']
[1.102s] Level 1:colcon.colcon_core.package_identification:_identify(build) by extension 'ignore'
[1.102s] Level 1:colcon.colcon_core.package_identification:_identify(build) ignored
[1.103s] Level 1:colcon.colcon_core.package_identification:_identify(install) by extensions ['ignore', 'ignore_ament_install']
[1.103s] Level 1:colcon.colcon_core.package_identification:_identify(install) by extension 'ignore'
[1.103s] Level 1:colcon.colcon_core.package_identification:_identify(install) ignored
[1.103s] Level 1:colcon.colcon_core.package_identification:_identify(log) by extensions ['ignore', 'ignore_ament_install']
[1.103s] Level 1:colcon.colcon_core.package_identification:_identify(log) by extension 'ignore'
[1.103s] Level 1:colcon.colcon_core.package_identification:_identify(log) ignored
[1.103s] Level 1:colcon.colcon_core.package_identification:_identify(src) by extensions ['ignore', 'ignore_ament_install']
[1.103s] Level 1:colcon.colcon_core.package_identification:_identify(src) by extension 'ignore'
[1.103s] Level 1:colcon.colcon_core.package_identification:_identify(src) by extension 'ignore_ament_install'
[1.103s] Level 1:colcon.colcon_core.package_identification:_identify(src) by extensions ['colcon_pkg']
[1.103s] Level 1:colcon.colcon_core.package_identification:_identify(src) by extension 'colcon_pkg'
[1.103s] Level 1:colcon.colcon_core.package_identification:_identify(src) by extensions ['colcon_meta']
[1.103s] Level 1:colcon.colcon_core.package_identification:_identify(src) by extension 'colcon_meta'
[1.104s] Level 1:colcon.colcon_core.package_identification:_identify(src) by extensions ['ros']
[1.104s] Level 1:colcon.colcon_core.package_identification:_identify(src) by extension 'ros'
[1.104s] Level 1:colcon.colcon_core.package_identification:_identify(src) by extensions ['cmake', 'python']
[1.104s] Level 1:colcon.colcon_core.package_identification:_identify(src) by extension 'cmake'
[1.104s] Level 1:colcon.colcon_core.package_identification:_identify(src) by extension 'python'
[1.104s] Level 1:colcon.colcon_core.package_identification:_identify(src) by extensions ['python_setup_py']
[1.104s] Level 1:colcon.colcon_core.package_identification:_identify(src) by extension 'python_setup_py'
[1.104s] Level 1:colcon.colcon_core.package_identification:_identify(src/IR_assignment1_controller) by extensions ['ignore', 'ignore_ament_install']
[1.104s] Level 1:colcon.colcon_core.package_identification:_identify(src/IR_assignment1_controller) by extension 'ignore'
[1.104s] Level 1:colcon.colcon_core.package_identification:_identify(src/IR_assignment1_controller) by extension 'ignore_ament_install'
[1.104s] Level 1:colcon.colcon_core.package_identification:_identify(src/IR_assignment1_controller) by extensions ['colcon_pkg']
[1.104s] Level 1:colcon.colcon_core.package_identification:_identify(src/IR_assignment1_controller) by extension 'colcon_pkg'
[1.104s] Level 1:colcon.colcon_core.package_identification:_identify(src/IR_assignment1_controller) by extensions ['colcon_meta']
[1.104s] Level 1:colcon.colcon_core.package_identification:_identify(src/IR_assignment1_controller) by extension 'colcon_meta'
[1.104s] Level 1:colcon.colcon_core.package_identification:_identify(src/IR_assignment1_controller) by extensions ['ros']
[1.104s] Level 1:colcon.colcon_core.package_identification:_identify(src/IR_assignment1_controller) by extension 'ros'
[1.107s] DEBUG:colcon.colcon_core.package_identification:Package 'src/IR_assignment1_controller' with type 'ros.ament_python' and name 'IR_assignment1_controller'
[1.107s] Level 1:colcon.colcon_core.package_identification:_identify(src/my_robot_controller) by extensions ['ignore', 'ignore_ament_install']
[1.107s] Level 1:colcon.colcon_core.package_identification:_identify(src/my_robot_controller) by extension 'ignore'
[1.107s] Level 1:colcon.colcon_core.package_identification:_identify(src/my_robot_controller) by extension 'ignore_ament_install'
[1.107s] Level 1:colcon.colcon_core.package_identification:_identify(src/my_robot_controller) by extensions ['colcon_pkg']
[1.107s] Level 1:colcon.colcon_core.package_identification:_identify(src/my_robot_controller) by extension 'colcon_pkg'
[1.107s] Level 1:colcon.colcon_core.package_identification:_identify(src/my_robot_controller) by extensions ['colcon_meta']
[1.107s] Level 1:colcon.colcon_core.package_identification:_identify(src/my_robot_controller) by extension 'colcon_meta'
[1.107s] Level 1:colcon.colcon_core.package_identification:_identify(src/my_robot_controller) by extensions ['ros']
[1.107s] Level 1:colcon.colcon_core.package_identification:_identify(src/my_robot_controller) by extension 'ros'
[1.108s] DEBUG:colcon.colcon_core.package_identification:Package 'src/my_robot_controller' with type 'ros.ament_python' and name 'my_robot_controller'
[1.108s] Level 1:colcon.colcon_core.package_discovery:discover_packages(recursive) using defaults
[1.108s] Level 1:colcon.colcon_core.package_discovery:discover_packages(ignore) discover
[1.108s] Level 1:colcon.colcon_core.package_discovery:discover_packages(ignore) using defaults
[1.108s] Level 1:colcon.colcon_core.package_discovery:discover_packages(path) discover
[1.108s] Level 1:colcon.colcon_core.package_discovery:discover_packages(path) using defaults
[1.204s] Level 1:colcon.colcon_core.package_discovery:discover_packages(prefix_path) check parameters
[1.204s] Level 1:colcon.colcon_core.package_discovery:discover_packages(prefix_path) discover
[1.235s] DEBUG:colcon.colcon_installed_package_information.package_discovery:Found 2 installed packages in /home/tiago/ros2_ws/install
[1.251s] DEBUG:colcon.colcon_installed_package_information.package_discovery:Found 302 installed packages in /opt/ros/iron
[1.252s] Level 1:colcon.colcon_core.package_discovery:discover_packages(prefix_path) using defaults
[1.345s] Level 5:colcon.colcon_core.verb:set package 'IR_assignment1_controller' build argument 'cmake_args' from command line to 'None'
[1.345s] Level 5:colcon.colcon_core.verb:set package 'IR_assignment1_controller' build argument 'cmake_target' from command line to 'None'
[1.345s] Level 5:colcon.colcon_core.verb:set package 'IR_assignment1_controller' build argument 'cmake_target_skip_unavailable' from command line to 'False'
[1.345s] Level 5:colcon.colcon_core.verb:set package 'IR_assignment1_controller' build argument 'cmake_clean_cache' from command line to 'False'
[1.345s] Level 5:colcon.colcon_core.verb:set package 'IR_assignment1_controller' build argument 'cmake_clean_first' from command line to 'False'
[1.345s] Level 5:colcon.colcon_core.verb:set package 'IR_assignment1_controller' build argument 'cmake_force_configure' from command line to 'False'
[1.345s] Level 5:colcon.colcon_core.verb:set package 'IR_assignment1_controller' build argument 'ament_cmake_args' from command line to 'None'
[1.345s] Level 5:colcon.colcon_core.verb:set package 'IR_assignment1_controller' build argument 'catkin_cmake_args' from command line to 'None'
[1.345s] Level 5:colcon.colcon_core.verb:set package 'IR_assignment1_controller' build argument 'catkin_skip_building_tests' from command line to 'False'
[1.346s] DEBUG:colcon.colcon_core.verb:Building package 'IR_assignment1_controller' with the following arguments: {'ament_cmake_args': None, 'build_base': '/home/tiago/ros2_ws/build/IR_assignment1_controller', 'catkin_cmake_args': None, 'catkin_skip_building_tests': False, 'cmake_args': None, 'cmake_clean_cache': False, 'cmake_clean_first': False, 'cmake_force_configure': False, 'cmake_target': None, 'cmake_target_skip_unavailable': False, 'install_base': '/home/tiago/ros2_ws/install/IR_assignment1_controller', 'merge_install': False, 'path': '/home/tiago/ros2_ws/src/IR_assignment1_controller', 'symlink_install': True, 'test_result_base': None}
[1.361s] Level 5:colcon.colcon_core.verb:set package 'my_robot_controller' build argument 'cmake_args' from command line to 'None'
[1.361s] Level 5:colcon.colcon_core.verb:set package 'my_robot_controller' build argument 'cmake_target' from command line to 'None'
[1.361s] Level 5:colcon.colcon_core.verb:set package 'my_robot_controller' build argument 'cmake_target_skip_unavailable' from command line to 'False'
[1.361s] Level 5:colcon.colcon_core.verb:set package 'my_robot_controller' build argument 'cmake_clean_cache' from command line to 'False'
[1.361s] Level 5:colcon.colcon_core.verb:set package 'my_robot_controller' build argument 'cmake_clean_first' from command line to 'False'
[1.361s] Level 5:colcon.colcon_core.verb:set package 'my_robot_controller' build argument 'cmake_force_configure' from command line to 'False'
[1.361s] Level 5:colcon.colcon_core.verb:set package 'my_robot_controller' build argument 'ament_cmake_args' from command line to 'None'
[1.361s] Level 5:colcon.colcon_core.verb:set package 'my_robot_controller' build argument 'catkin_cmake_args' from command line to 'None'
[1.361s] Level 5:colcon.colcon_core.verb:set package 'my_robot_controller' build argument 'catkin_skip_building_tests' from command line to 'False'
[1.361s] DEBUG:colcon.colcon_core.verb:Building package 'my_robot_controller' with the following arguments: {'ament_cmake_args': None, 'build_base': '/home/tiago/ros2_ws/build/my_robot_controller', 'catkin_cmake_args': None, 'catkin_skip_building_tests': False, 'cmake_args': None, 'cmake_clean_cache': False, 'cmake_clean_first': False, 'cmake_force_configure': False, 'cmake_target': None, 'cmake_target_skip_unavailable': False, 'install_base': '/home/tiago/ros2_ws/install/my_robot_controller', 'merge_install': False, 'path': '/home/tiago/ros2_ws/src/my_robot_controller', 'symlink_install': True, 'test_result_base': None}
[1.376s] INFO:colcon.colcon_core.executor:Executing jobs using 'parallel' executor
[1.392s] DEBUG:colcon.colcon_parallel_executor.executor.parallel:run_until_complete
[1.393s] INFO:colcon.colcon_ros.task.ament_python.build:Building ROS package in '/home/tiago/ros2_ws/src/IR_assignment1_controller' with build type 'ament_python'
[1.393s] Level 1:colcon.colcon_core.shell:create_environment_hook('IR_assignment1_controller', 'ament_prefix_path')
[1.410s] INFO:colcon.colcon_core.plugin_system:Skipping extension 'colcon_core.shell.bat': Not used on non-Windows systems
[1.410s] INFO:colcon.colcon_core.shell:Creating environment hook '/home/tiago/ros2_ws/install/IR_assignment1_controller/share/IR_assignment1_controller/hook/ament_prefix_path.ps1'
[1.411s] INFO:colcon.colcon_core.shell:Creating environment descriptor '/home/tiago/ros2_ws/install/IR_assignment1_controller/share/IR_assignment1_controller/hook/ament_prefix_path.dsv'
[1.411s] INFO:colcon.colcon_core.shell:Creating environment hook '/home/tiago/ros2_ws/install/IR_assignment1_controller/share/IR_assignment1_controller/hook/ament_prefix_path.sh'
[1.428s] INFO:colcon.colcon_core.shell:Skip shell extension 'powershell' for command environment: Not usable outside of PowerShell
[1.428s] DEBUG:colcon.colcon_core.shell:Skip shell extension 'dsv' for command environment
[1.475s] INFO:colcon.colcon_ros.task.ament_python.build:Building ROS package in '/home/tiago/ros2_ws/src/my_robot_controller' with build type 'ament_python'
[1.475s] Level 1:colcon.colcon_core.shell:create_environment_hook('my_robot_controller', 'ament_prefix_path')
[1.491s] INFO:colcon.colcon_core.shell:Creating environment hook '/home/tiago/ros2_ws/install/my_robot_controller/share/my_robot_controller/hook/ament_prefix_path.ps1'
[1.492s] INFO:colcon.colcon_core.shell:Creating environment descriptor '/home/tiago/ros2_ws/install/my_robot_controller/share/my_robot_controller/hook/ament_prefix_path.dsv'
[1.492s] INFO:colcon.colcon_core.shell:Creating environment hook '/home/tiago/ros2_ws/install/my_robot_controller/share/my_robot_controller/hook/ament_prefix_path.sh'
[1.508s] INFO:colcon.colcon_core.shell:Skip shell extension 'powershell' for command environment: Not usable outside of PowerShell
[1.508s] DEBUG:colcon.colcon_core.shell:Skip shell extension 'dsv' for command environment
[1.815s] INFO:colcon.colcon_core.task.python.build:Building Python package in '/home/tiago/ros2_ws/src/IR_assignment1_controller'
[1.831s] INFO:colcon.colcon_core.shell:Skip shell extension 'powershell' for command environment: Not usable outside of PowerShell
[1.831s] DEBUG:colcon.colcon_core.shell:Skip shell extension 'dsv' for command environment
[2.147s] INFO:colcon.colcon_core.task.python.build:Building Python package in '/home/tiago/ros2_ws/src/my_robot_controller'
[2.163s] INFO:colcon.colcon_core.shell:Skip shell extension 'powershell' for command environment: Not usable outside of PowerShell
[2.163s] DEBUG:colcon.colcon_core.shell:Skip shell extension 'dsv' for command environment
[2.565s] DEBUG:colcon.colcon_core.task.python.build:While undoing a previous installation files outside the Python library path are being ignored: /home/tiago/ros2_ws/install/my_robot_controller/share/ament_index/resource_index/packages/my_robot_controller
[2.565s] DEBUG:colcon.colcon_core.task.python.build:While undoing a previous installation files outside the Python library path are being ignored: /home/tiago/ros2_ws/install/my_robot_controller/share/my_robot_controller/package.xml
[2.565s] DEBUG:colcon.colcon_core.task.python.build:While undoing a previous installation files outside the Python library path are being ignored: /home/tiago/ros2_ws/install/my_robot_controller/lib/my_robot_controller/draw_circle
[2.565s] DEBUG:colcon.colcon_core.task.python.build:While undoing a previous installation files outside the Python library path are being ignored: /home/tiago/ros2_ws/install/my_robot_controller/lib/my_robot_controller/pose_subscriber
[2.565s] DEBUG:colcon.colcon_core.task.python.build:While undoing a previous installation files outside the Python library path are being ignored: /home/tiago/ros2_ws/install/my_robot_controller/lib/my_robot_controller/test_node
[2.565s] DEBUG:colcon.colcon_core.task.python.build:While undoing a previous installation files outside the Python library path are being ignored: /home/tiago/ros2_ws/install/my_robot_controller/lib/my_robot_controller/turtle_controller
[2.565s] DEBUG:colcon.colcon_core.task.python.build:While undoing a previous installation files outside the Python library path are being ignored: /home/tiago/ros2_ws/install/my_robot_controller/lib/my_robot_controller/wall_follower
[2.569s] DEBUG:colcon.colcon_core.event_handler.log_command:Invoking command in '/home/tiago/ros2_ws/build/my_robot_controller': PYTHONPATH=/home/tiago/ros2_ws/build/my_robot_controller/prefix_override:/home/tiago/ros2_ws/install/my_robot_controller/lib/python3.10/site-packages:${PYTHONPATH} /usr/bin/python3 setup.py develop --editable --build-directory /home/tiago/ros2_ws/build/my_robot_controller/build --no-deps install_data
[2.570s] DEBUG:colcon.colcon_core.task.python.build:While undoing a previous installation files outside the Python library path are being ignored: /home/tiago/ros2_ws/install/IR_assignment1_controller/share/ament_index/resource_index/packages/IR_assignment1_controller
[2.570s] DEBUG:colcon.colcon_core.task.python.build:While undoing a previous installation files outside the Python library path are being ignored: /home/tiago/ros2_ws/install/IR_assignment1_controller/share/IR_assignment1_controller/package.xml
[2.570s] DEBUG:colcon.colcon_core.task.python.build:While undoing a previous installation files outside the Python library path are being ignored: /home/tiago/ros2_ws/install/IR_assignment1_controller/share/IR_assignment1_controller/launch/simulation_launch.py
[2.571s] DEBUG:colcon.colcon_core.task.python.build:While undoing a previous installation files outside the Python library path are being ignored: /home/tiago/ros2_ws/install/IR_assignment1_controller/lib/IR_assignment1_controller/wall_follower
[2.574s] DEBUG:colcon.colcon_core.event_handler.log_command:Invoking command in '/home/tiago/ros2_ws/build/IR_assignment1_controller': PYTHONPATH=/home/tiago/ros2_ws/build/IR_assignment1_controller/prefix_override:/home/tiago/ros2_ws/install/IR_assignment1_controller/lib/python3.10/site-packages:${PYTHONPATH} /usr/bin/python3 setup.py develop --editable --build-directory /home/tiago/ros2_ws/build/IR_assignment1_controller/build --no-deps install_data
[3.061s] Level 1:colcon.colcon_core.shell:create_environment_hook('my_robot_controller', 'pythonpath_develop')
[3.062s] DEBUG:colcon.colcon_core.event_handler.log_command:Invoked command in '/home/tiago/ros2_ws/build/my_robot_controller' returned '0': PYTHONPATH=/home/tiago/ros2_ws/build/my_robot_controller/prefix_override:/home/tiago/ros2_ws/install/my_robot_controller/lib/python3.10/site-packages:${PYTHONPATH} /usr/bin/python3 setup.py develop --editable --build-directory /home/tiago/ros2_ws/build/my_robot_controller/build --no-deps install_data
[3.078s] INFO:colcon.colcon_core.shell:Creating environment hook '/home/tiago/ros2_ws/build/my_robot_controller/share/my_robot_controller/hook/pythonpath_develop.ps1'
[3.078s] INFO:colcon.colcon_core.shell:Creating environment descriptor '/home/tiago/ros2_ws/build/my_robot_controller/share/my_robot_controller/hook/pythonpath_develop.dsv'
[3.078s] INFO:colcon.colcon_core.shell:Creating environment hook '/home/tiago/ros2_ws/build/my_robot_controller/share/my_robot_controller/hook/pythonpath_develop.sh'
[3.095s] Level 1:colcon.colcon_core.environment:checking '/home/tiago/ros2_ws/install/my_robot_controller' for CMake module files
[3.096s] Level 1:colcon.colcon_core.environment:checking '/home/tiago/ros2_ws/install/my_robot_controller' for CMake config files
[3.096s] Level 1:colcon.colcon_core.environment:checking '/home/tiago/ros2_ws/install/my_robot_controller/lib'
[3.096s] Level 1:colcon.colcon_core.environment:checking '/home/tiago/ros2_ws/install/my_robot_controller/bin'
[3.096s] Level 1:colcon.colcon_core.environment:checking '/home/tiago/ros2_ws/install/my_robot_controller/lib/pkgconfig/my_robot_controller.pc'
[3.097s] Level 1:colcon.colcon_core.environment:checking '/home/tiago/ros2_ws/install/my_robot_controller/lib/python3.10/site-packages'
[3.097s] Level 1:colcon.colcon_core.shell:create_environment_hook('my_robot_controller', 'pythonpath')
[3.111s] INFO:colcon.colcon_core.shell:Creating environment hook '/home/tiago/ros2_ws/install/my_robot_controller/share/my_robot_controller/hook/pythonpath.ps1'
[3.112s] INFO:colcon.colcon_core.shell:Creating environment descriptor '/home/tiago/ros2_ws/install/my_robot_controller/share/my_robot_controller/hook/pythonpath.dsv'
[3.112s] INFO:colcon.colcon_core.shell:Creating environment hook '/home/tiago/ros2_ws/install/my_robot_controller/share/my_robot_controller/hook/pythonpath.sh'
[3.113s] Level 1:colcon.colcon_core.environment:checking '/home/tiago/ros2_ws/install/my_robot_controller/bin'
[3.113s] Level 1:colcon.colcon_core.environment:create_environment_scripts_only(my_robot_controller)
[3.128s] INFO:colcon.colcon_core.shell:Creating package script '/home/tiago/ros2_ws/install/my_robot_controller/share/my_robot_controller/package.ps1'
[3.129s] INFO:colcon.colcon_core.shell:Creating package descriptor '/home/tiago/ros2_ws/install/my_robot_controller/share/my_robot_controller/package.dsv'
[3.130s] INFO:colcon.colcon_core.shell:Creating package script '/home/tiago/ros2_ws/install/my_robot_controller/share/my_robot_controller/package.sh'
[3.130s] INFO:colcon.colcon_core.shell:Creating package script '/home/tiago/ros2_ws/install/my_robot_controller/share/my_robot_controller/package.bash'
[3.131s] INFO:colcon.colcon_core.shell:Creating package script '/home/tiago/ros2_ws/install/my_robot_controller/share/my_robot_controller/package.zsh'
[3.131s] Level 1:colcon.colcon_core.environment:create_file_with_runtime_dependencies(/home/tiago/ros2_ws/install/my_robot_controller/share/colcon-core/packages/my_robot_controller)
[3.133s] Level 1:colcon.colcon_core.shell:create_environment_hook('IR_assignment1_controller', 'pythonpath_develop')
[3.133s] DEBUG:colcon.colcon_core.event_handler.log_command:Invoked command in '/home/tiago/ros2_ws/build/IR_assignment1_controller' returned '0': PYTHONPATH=/home/tiago/ros2_ws/build/IR_assignment1_controller/prefix_override:/home/tiago/ros2_ws/install/IR_assignment1_controller/lib/python3.10/site-packages:${PYTHONPATH} /usr/bin/python3 setup.py develop --editable --build-directory /home/tiago/ros2_ws/build/IR_assignment1_controller/build --no-deps install_data
[3.147s] INFO:colcon.colcon_core.shell:Creating environment hook '/home/tiago/ros2_ws/build/IR_assignment1_controller/share/IR_assignment1_controller/hook/pythonpath_develop.ps1'
[3.147s] INFO:colcon.colcon_core.shell:Creating environment descriptor '/home/tiago/ros2_ws/build/IR_assignment1_controller/share/IR_assignment1_controller/hook/pythonpath_develop.dsv'
[3.148s] INFO:colcon.colcon_core.shell:Creating environment hook '/home/tiago/ros2_ws/build/IR_assignment1_controller/share/IR_assignment1_controller/hook/pythonpath_develop.sh'
[3.163s] Level 1:colcon.colcon_core.environment:checking '/home/tiago/ros2_ws/install/IR_assignment1_controller' for CMake module files
[3.163s] Level 1:colcon.colcon_core.environment:checking '/home/tiago/ros2_ws/install/IR_assignment1_controller' for CMake config files
[3.164s] Level 1:colcon.colcon_core.environment:checking '/home/tiago/ros2_ws/install/IR_assignment1_controller/lib'
[3.164s] Level 1:colcon.colcon_core.environment:checking '/home/tiago/ros2_ws/install/IR_assignment1_controller/bin'
[3.164s] Level 1:colcon.colcon_core.environment:checking '/home/tiago/ros2_ws/install/IR_assignment1_controller/lib/pkgconfig/IR_assignment1_controller.pc'
[3.164s] Level 1:colcon.colcon_core.environment:checking '/home/tiago/ros2_ws/install/IR_assignment1_controller/lib/python3.10/site-packages'
[3.164s] Level 1:colcon.colcon_core.shell:create_environment_hook('IR_assignment1_controller', 'pythonpath')
[3.178s] INFO:colcon.colcon_core.shell:Creating environment hook '/home/tiago/ros2_ws/install/IR_assignment1_controller/share/IR_assignment1_controller/hook/pythonpath.ps1'
[3.179s] INFO:colcon.colcon_core.shell:Creating environment descriptor '/home/tiago/ros2_ws/install/IR_assignment1_controller/share/IR_assignment1_controller/hook/pythonpath.dsv'
[3.179s] INFO:colcon.colcon_core.shell:Creating environment hook '/home/tiago/ros2_ws/install/IR_assignment1_controller/share/IR_assignment1_controller/hook/pythonpath.sh'
[3.180s] Level 1:colcon.colcon_core.environment:checking '/home/tiago/ros2_ws/install/IR_assignment1_controller/bin'
[3.180s] Level 1:colcon.colcon_core.environment:create_environment_scripts_only(IR_assignment1_controller)
[3.194s] INFO:colcon.colcon_core.shell:Creating package script '/home/tiago/ros2_ws/install/IR_assignment1_controller/share/IR_assignment1_controller/package.ps1'
[3.194s] INFO:colcon.colcon_core.shell:Creating package descriptor '/home/tiago/ros2_ws/install/IR_assignment1_controller/share/IR_assignment1_controller/package.dsv'
[3.195s] INFO:colcon.colcon_core.shell:Creating package script '/home/tiago/ros2_ws/install/IR_assignment1_controller/share/IR_assignment1_controller/package.sh'
[3.195s] INFO:colcon.colcon_core.shell:Creating package script '/home/tiago/ros2_ws/install/IR_assignment1_controller/share/IR_assignment1_controller/package.bash'
[3.195s] INFO:colcon.colcon_core.shell:Creating package script '/home/tiago/ros2_ws/install/IR_assignment1_controller/share/IR_assignment1_controller/package.zsh'
[3.196s] Level 1:colcon.colcon_core.environment:create_file_with_runtime_dependencies(/home/tiago/ros2_ws/install/IR_assignment1_controller/share/colcon-core/packages/IR_assignment1_controller)
[3.196s] DEBUG:colcon.colcon_parallel_executor.executor.parallel:closing loop
[3.197s] DEBUG:colcon.colcon_parallel_executor.executor.parallel:loop closed
[3.197s] DEBUG:colcon.colcon_parallel_executor.executor.parallel:run_until_complete finished with '0'
[3.197s] DEBUG:colcon.colcon_core.event_reactor:joining thread
[3.217s] INFO:colcon.colcon_core.plugin_system:Skipping extension 'colcon_notification.desktop_notification.terminal_notifier': Not used on non-Darwin systems
[3.217s] INFO:colcon.colcon_core.plugin_system:Skipping extension 'colcon_notification.desktop_notification.win32': Not used on non-Windows systems
[3.217s] INFO:colcon.colcon_notification.desktop_notification:Sending desktop notification using 'notify2'
[3.229s] DEBUG:colcon.colcon_core.event_reactor:joined thread
[3.245s] INFO:colcon.colcon_core.shell:Creating prefix script '/home/tiago/ros2_ws/install/local_setup.ps1'
[3.246s] INFO:colcon.colcon_core.shell:Creating prefix util module '/home/tiago/ros2_ws/install/_local_setup_util_ps1.py'
[3.247s] INFO:colcon.colcon_core.shell:Creating prefix chain script '/home/tiago/ros2_ws/install/setup.ps1'
[3.263s] INFO:colcon.colcon_core.shell:Creating prefix script '/home/tiago/ros2_ws/install/local_setup.sh'
[3.264s] INFO:colcon.colcon_core.shell:Creating prefix util module '/home/tiago/ros2_ws/install/_local_setup_util_sh.py'
[3.264s] INFO:colcon.colcon_core.shell:Creating prefix chain script '/home/tiago/ros2_ws/install/setup.sh'
[3.280s] INFO:colcon.colcon_core.shell:Creating prefix script '/home/tiago/ros2_ws/install/local_setup.bash'
[3.280s] INFO:colcon.colcon_core.shell:Creating prefix chain script '/home/tiago/ros2_ws/install/setup.bash'
[3.296s] INFO:colcon.colcon_core.shell:Creating prefix script '/home/tiago/ros2_ws/install/local_setup.zsh'
[3.297s] INFO:colcon.colcon_core.shell:Creating prefix chain script '/home/tiago/ros2_ws/install/setup.zsh'
