[0.569s] Invoking command in '/home/tiago/ros2_ws/src/my_robot_controller': PYTHONPATH=/home/tiago/ros2_ws/build/my_robot_controller/prefix_override:/home/tiago/ros2_ws/install/my_robot_controller/lib/python3.10/site-packages:${PYTHONPATH} /usr/bin/python3 setup.py egg_info --egg-base ../../build/my_robot_controller build --build-base /home/tiago/ros2_ws/build/my_robot_controller/build install --record /home/tiago/ros2_ws/build/my_robot_controller/install.log --single-version-externally-managed
[0.758s] running egg_info
[0.759s] creating ../../build/my_robot_controller/my_robot_controller.egg-info
[0.759s] writing ../../build/my_robot_controller/my_robot_controller.egg-info/PKG-INFO
[0.759s] writing dependency_links to ../../build/my_robot_controller/my_robot_controller.egg-info/dependency_links.txt
[0.759s] writing entry points to ../../build/my_robot_controller/my_robot_controller.egg-info/entry_points.txt
[0.759s] writing requirements to ../../build/my_robot_controller/my_robot_controller.egg-info/requires.txt
[0.759s] writing top-level names to ../../build/my_robot_controller/my_robot_controller.egg-info/top_level.txt
[0.760s] writing manifest file '../../build/my_robot_controller/my_robot_controller.egg-info/SOURCES.txt'
[0.761s] reading manifest file '../../build/my_robot_controller/my_robot_controller.egg-info/SOURCES.txt'
[0.761s] writing manifest file '../../build/my_robot_controller/my_robot_controller.egg-info/SOURCES.txt'
[0.761s] running build
[0.761s] running build_py
[0.761s] creating /home/tiago/ros2_ws/build/my_robot_controller/build
[0.762s] creating /home/tiago/ros2_ws/build/my_robot_controller/build/lib
[0.762s] creating /home/tiago/ros2_ws/build/my_robot_controller/build/lib/my_robot_controller
[0.762s] copying my_robot_controller/__init__.py -> /home/tiago/ros2_ws/build/my_robot_controller/build/lib/my_robot_controller
[0.762s] running install
[0.762s] /usr/lib/python3/dist-packages/setuptools/command/install.py:34: SetuptoolsDeprecationWarning: setup.py install is deprecated. Use build and pip and other standards-based tools.
[0.762s]   warnings.warn(
[0.762s] running install_lib
[0.763s] creating /home/tiago/ros2_ws/install/my_robot_controller/lib/python3.10/site-packages/my_robot_controller
[0.764s] copying /home/tiago/ros2_ws/build/my_robot_controller/build/lib/my_robot_controller/__init__.py -> /home/tiago/ros2_ws/install/my_robot_controller/lib/python3.10/site-packages/my_robot_controller
[0.764s] byte-compiling /home/tiago/ros2_ws/install/my_robot_controller/lib/python3.10/site-packages/my_robot_controller/__init__.py to __init__.cpython-310.pyc
[0.764s] running install_data
[0.765s] creating /home/tiago/ros2_ws/install/my_robot_controller/share/ament_index
[0.765s] creating /home/tiago/ros2_ws/install/my_robot_controller/share/ament_index/resource_index
[0.765s] creating /home/tiago/ros2_ws/install/my_robot_controller/share/ament_index/resource_index/packages
[0.765s] copying resource/my_robot_controller -> /home/tiago/ros2_ws/install/my_robot_controller/share/ament_index/resource_index/packages
[0.765s] copying package.xml -> /home/tiago/ros2_ws/install/my_robot_controller/share/my_robot_controller
[0.765s] running install_egg_info
[0.767s] Copying ../../build/my_robot_controller/my_robot_controller.egg-info to /home/tiago/ros2_ws/install/my_robot_controller/lib/python3.10/site-packages/my_robot_controller-0.0.0-py3.10.egg-info
[0.767s] running install_scripts
[0.787s] writing list of installed files to '/home/tiago/ros2_ws/build/my_robot_controller/install.log'
[0.820s] Invoked command in '/home/tiago/ros2_ws/src/my_robot_controller' returned '0': PYTHONPATH=/home/tiago/ros2_ws/build/my_robot_controller/prefix_override:/home/tiago/ros2_ws/install/my_robot_controller/lib/python3.10/site-packages:${PYTHONPATH} /usr/bin/python3 setup.py egg_info --egg-base ../../build/my_robot_controller build --build-base /home/tiago/ros2_ws/build/my_robot_controller/build install --record /home/tiago/ros2_ws/build/my_robot_controller/install.log --single-version-externally-managed
