[0.868s] Invoking command in '/home/tiago/ros2_ws/build/my_robot_controller': PYTHONPATH=/home/tiago/ros2_ws/build/my_robot_controller/prefix_override:/home/tiago/ros2_ws/install/my_robot_controller/lib/python3.10/site-packages:${PYTHONPATH} /usr/bin/python3 setup.py develop --editable --build-directory /home/tiago/ros2_ws/build/my_robot_controller/build --no-deps install_data
[1.083s] running develop
[1.214s] running egg_info
[1.214s] writing my_robot_controller.egg-info/PKG-INFO
[1.214s] writing dependency_links to my_robot_controller.egg-info/dependency_links.txt
[1.214s] writing entry points to my_robot_controller.egg-info/entry_points.txt
[1.214s] writing requirements to my_robot_controller.egg-info/requires.txt
[1.214s] writing top-level names to my_robot_controller.egg-info/top_level.txt
[1.216s] reading manifest file 'my_robot_controller.egg-info/SOURCES.txt'
[1.217s] writing manifest file 'my_robot_controller.egg-info/SOURCES.txt'
[1.218s] running build_ext
[1.218s] Creating /home/tiago/ros2_ws/install/my_robot_controller/lib/python3.10/site-packages/my-robot-controller.egg-link (link to .)
[1.219s] Installing draw_circle script to /home/tiago/ros2_ws/install/my_robot_controller/lib/my_robot_controller
[1.219s] Installing pose_subscriber script to /home/tiago/ros2_ws/install/my_robot_controller/lib/my_robot_controller
[1.219s] Installing test_node script to /home/tiago/ros2_ws/install/my_robot_controller/lib/my_robot_controller
[1.219s] Installing turtle_controller script to /home/tiago/ros2_ws/install/my_robot_controller/lib/my_robot_controller
[1.219s] Installing wall_follower script to /home/tiago/ros2_ws/install/my_robot_controller/lib/my_robot_controller
[1.219s] 
[1.219s] Installed /home/tiago/ros2_ws/build/my_robot_controller
[1.219s] running install_data
[1.253s] Invoked command in '/home/tiago/ros2_ws/build/my_robot_controller' returned '0': PYTHONPATH=/home/tiago/ros2_ws/build/my_robot_controller/prefix_override:/home/tiago/ros2_ws/install/my_robot_controller/lib/python3.10/site-packages:${PYTHONPATH} /usr/bin/python3 setup.py develop --editable --build-directory /home/tiago/ros2_ws/build/my_robot_controller/build --no-deps install_data
