[1.001s] DEBUG:colcon:Command line arguments: ['/usr/bin/colcon', 'build']
[1.001s] DEBUG:colcon:Parsed command line arguments: Namespace(log_base=None, log_level=None, verb_name='build', build_base='build', install_base='install', merge_install=False, symlink_install=False, test_result_base=None, continue_on_error=False, executor='parallel', parallel_workers=16, event_handlers=None, ignore_user_meta=False, metas=['./colcon.meta'], base_paths=['.'], packages_ignore=None, packages_ignore_regex=None, paths=None, packages_up_to=None, packages_up_to_regex=None, packages_above=None, packages_above_and_dependencies=None, packages_above_depth=None, packages_select_by_dep=None, packages_skip_by_dep=None, packages_skip_up_to=None, packages_select_build_failed=False, packages_skip_build_finished=False, packages_select_test_failures=False, packages_skip_test_passed=False, packages_select=None, packages_skip=None, packages_select_regex=None, packages_skip_regex=None, packages_start=None, packages_end=None, allow_overriding=[], cmake_args=None, cmake_target=None, cmake_target_skip_unavailable=False, cmake_clean_cache=False, cmake_clean_first=False, cmake_force_configure=False, ament_cmake_args=None, catkin_cmake_args=None, catkin_skip_building_tests=False, verb_parser=<colcon_defaults.argument_parser.defaults.DefaultArgumentsDecorator object at 0x7f06c0b8ebc0>, verb_extension=<colcon_core.verb.build.BuildVerb object at 0x7f06c0b8e6b0>, main=<bound method BuildVerb.main of <colcon_core.verb.build.BuildVerb object at 0x7f06c0b8e6b0>>)
[1.045s] Level 1:colcon.colcon_core.package_discovery:discover_packages(colcon_meta) check parameters
[1.045s] Level 1:colcon.colcon_core.package_discovery:discover_packages(recursive) check parameters
[1.045s] Level 1:colcon.colcon_core.package_discovery:discover_packages(ignore) check parameters
[1.045s] Level 1:colcon.colcon_core.package_discovery:discover_packages(path) check parameters
[1.045s] Level 1:colcon.colcon_core.package_discovery:discover_packages(colcon_meta) discover
[1.045s] Level 1:colcon.colcon_core.package_discovery:discover_packages(recursive) discover
[1.045s] INFO:colcon.colcon_core.package_discovery:Crawling recursively for packages in '/home/tiago/ros2_ws'
[1.045s] Level 1:colcon.colcon_core.package_identification:_identify(.) by extensions ['ignore', 'ignore_ament_install']
[1.045s] Level 1:colcon.colcon_core.package_identification:_identify(.) by extension 'ignore'
[1.045s] Level 1:colcon.colcon_core.package_identification:_identify(.) by extension 'ignore_ament_install'
[1.045s] Level 1:colcon.colcon_core.package_identification:_identify(.) by extensions ['colcon_pkg']
[1.045s] Level 1:colcon.colcon_core.package_identification:_identify(.) by extension 'colcon_pkg'
[1.045s] Level 1:colcon.colcon_core.package_identification:_identify(.) by extensions ['colcon_meta']
[1.046s] Level 1:colcon.colcon_core.package_identification:_identify(.) by extension 'colcon_meta'
[1.046s] Level 1:colcon.colcon_core.package_identification:_identify(.) by extensions ['ros']
[1.046s] Level 1:colcon.colcon_core.package_identification:_identify(.) by extension 'ros'
[1.055s] Level 1:colcon.colcon_core.package_identification:_identify(.) by extensions ['cmake', 'python']
[1.055s] Level 1:colcon.colcon_core.package_identification:_identify(.) by extension 'cmake'
[1.055s] Level 1:colcon.colcon_core.package_identification:_identify(.) by extension 'python'
[1.055s] Level 1:colcon.colcon_core.package_identification:_identify(.) by extensions ['python_setup_py']
[1.055s] Level 1:colcon.colcon_core.package_identification:_identify(.) by extension 'python_setup_py'
[1.055s] Level 1:colcon.colcon_core.package_identification:_identify(build) by extensions ['ignore', 'ignore_ament_install']
[1.055s] Level 1:colcon.colcon_core.package_identification:_identify(build) by extension 'ignore'
[1.055s] Level 1:colcon.colcon_core.package_identification:_identify(build) ignored
[1.056s] Level 1:colcon.colcon_core.package_identification:_identify(install) by extensions ['ignore', 'ignore_ament_install']
[1.056s] Level 1:colcon.colcon_core.package_identification:_identify(install) by extension 'ignore'
[1.056s] Level 1:colcon.colcon_core.package_identification:_identify(install) ignored
[1.056s] Level 1:colcon.colcon_core.package_identification:_identify(log) by extensions ['ignore', 'ignore_ament_install']
[1.056s] Level 1:colcon.colcon_core.package_identification:_identify(log) by extension 'ignore'
[1.056s] Level 1:colcon.colcon_core.package_identification:_identify(log) ignored
[1.056s] Level 1:colcon.colcon_core.package_identification:_identify(src) by extensions ['ignore', 'ignore_ament_install']
[1.056s] Level 1:colcon.colcon_core.package_identification:_identify(src) by extension 'ignore'
[1.056s] Level 1:colcon.colcon_core.package_identification:_identify(src) by extension 'ignore_ament_install'
[1.056s] Level 1:colcon.colcon_core.package_identification:_identify(src) by extensions ['colcon_pkg']
[1.056s] Level 1:colcon.colcon_core.package_identification:_identify(src) by extension 'colcon_pkg'
[1.056s] Level 1:colcon.colcon_core.package_identification:_identify(src) by extensions ['colcon_meta']
[1.056s] Level 1:colcon.colcon_core.package_identification:_identify(src) by extension 'colcon_meta'
[1.056s] Level 1:colcon.colcon_core.package_identification:_identify(src) by extensions ['ros']
[1.056s] Level 1:colcon.colcon_core.package_identification:_identify(src) by extension 'ros'
[1.056s] Level 1:colcon.colcon_core.package_identification:_identify(src) by extensions ['cmake', 'python']
[1.056s] Level 1:colcon.colcon_core.package_identification:_identify(src) by extension 'cmake'
[1.056s] Level 1:colcon.colcon_core.package_identification:_identify(src) by extension 'python'
[1.056s] Level 1:colcon.colcon_core.package_identification:_identify(src) by extensions ['python_setup_py']
[1.057s] Level 1:colcon.colcon_core.package_identification:_identify(src) by extension 'python_setup_py'
[1.057s] Level 1:colcon.colcon_core.package_identification:_identify(src/IR_assignment1_controller) by extensions ['ignore', 'ignore_ament_install']
[1.057s] Level 1:colcon.colcon_core.package_identification:_identify(src/IR_assignment1_controller) by extension 'ignore'
[1.057s] Level 1:colcon.colcon_core.package_identification:_identify(src/IR_assignment1_controller) by extension 'ignore_ament_install'
[1.057s] Level 1:colcon.colcon_core.package_identification:_identify(src/IR_assignment1_controller) by extensions ['colcon_pkg']
[1.057s] Level 1:colcon.colcon_core.package_identification:_identify(src/IR_assignment1_controller) by extension 'colcon_pkg'
[1.057s] Level 1:colcon.colcon_core.package_identification:_identify(src/IR_assignment1_controller) by extensions ['colcon_meta']
[1.057s] Level 1:colcon.colcon_core.package_identification:_identify(src/IR_assignment1_controller) by extension 'colcon_meta'
[1.057s] Level 1:colcon.colcon_core.package_identification:_identify(src/IR_assignment1_controller) by extensions ['ros']
[1.057s] Level 1:colcon.colcon_core.package_identification:_identify(src/IR_assignment1_controller) by extension 'ros'
[1.059s] DEBUG:colcon.colcon_core.package_identification:Package 'src/IR_assignment1_controller' with type 'ros.ament_python' and name 'IR_assignment1_controller'
[1.059s] Level 1:colcon.colcon_core.package_identification:_identify(src/my_robot_controller) by extensions ['ignore', 'ignore_ament_install']
[1.060s] Level 1:colcon.colcon_core.package_identification:_identify(src/my_robot_controller) by extension 'ignore'
[1.060s] Level 1:colcon.colcon_core.package_identification:_identify(src/my_robot_controller) by extension 'ignore_ament_install'
[1.060s] Level 1:colcon.colcon_core.package_identification:_identify(src/my_robot_controller) by extensions ['colcon_pkg']
[1.060s] Level 1:colcon.colcon_core.package_identification:_identify(src/my_robot_controller) by extension 'colcon_pkg'
[1.060s] Level 1:colcon.colcon_core.package_identification:_identify(src/my_robot_controller) by extensions ['colcon_meta']
[1.060s] Level 1:colcon.colcon_core.package_identification:_identify(src/my_robot_controller) by extension 'colcon_meta'
[1.060s] Level 1:colcon.colcon_core.package_identification:_identify(src/my_robot_controller) by extensions ['ros']
[1.060s] Level 1:colcon.colcon_core.package_identification:_identify(src/my_robot_controller) by extension 'ros'
[1.060s] DEBUG:colcon.colcon_core.package_identification:Package 'src/my_robot_controller' with type 'ros.ament_python' and name 'my_robot_controller'
[1.060s] Level 1:colcon.colcon_core.package_discovery:discover_packages(recursive) using defaults
[1.060s] Level 1:colcon.colcon_core.package_discovery:discover_packages(ignore) discover
[1.060s] Level 1:colcon.colcon_core.package_discovery:discover_packages(ignore) using defaults
[1.060s] Level 1:colcon.colcon_core.package_discovery:discover_packages(path) discover
[1.060s] Level 1:colcon.colcon_core.package_discovery:discover_packages(path) using defaults
[1.157s] Level 1:colcon.colcon_core.package_discovery:discover_packages(prefix_path) check parameters
[1.157s] Level 1:colcon.colcon_core.package_discovery:discover_packages(prefix_path) discover
[1.188s] DEBUG:colcon.colcon_installed_package_information.package_discovery:Found 2 installed packages in /home/tiago/ros2_ws/install
[1.202s] DEBUG:colcon.colcon_installed_package_information.package_discovery:Found 302 installed packages in /opt/ros/iron
[1.203s] Level 1:colcon.colcon_core.package_discovery:discover_packages(prefix_path) using defaults
[1.291s] Level 5:colcon.colcon_core.verb:set package 'IR_assignment1_controller' build argument 'cmake_args' from command line to 'None'
[1.291s] Level 5:colcon.colcon_core.verb:set package 'IR_assignment1_controller' build argument 'cmake_target' from command line to 'None'
[1.291s] Level 5:colcon.colcon_core.verb:set package 'IR_assignment1_controller' build argument 'cmake_target_skip_unavailable' from command line to 'False'
[1.291s] Level 5:colcon.colcon_core.verb:set package 'IR_assignment1_controller' build argument 'cmake_clean_cache' from command line to 'False'
[1.291s] Level 5:colcon.colcon_core.verb:set package 'IR_assignment1_controller' build argument 'cmake_clean_first' from command line to 'False'
[1.291s] Level 5:colcon.colcon_core.verb:set package 'IR_assignment1_controller' build argument 'cmake_force_configure' from command line to 'False'
[1.291s] Level 5:colcon.colcon_core.verb:set package 'IR_assignment1_controller' build argument 'ament_cmake_args' from command line to 'None'
[1.291s] Level 5:colcon.colcon_core.verb:set package 'IR_assignment1_controller' build argument 'catkin_cmake_args' from command line to 'None'
[1.291s] Level 5:colcon.colcon_core.verb:set package 'IR_assignment1_controller' build argument 'catkin_skip_building_tests' from command line to 'False'
[1.291s] DEBUG:colcon.colcon_core.verb:Building package 'IR_assignment1_controller' with the following arguments: {'ament_cmake_args': None, 'build_base': '/home/tiago/ros2_ws/build/IR_assignment1_controller', 'catkin_cmake_args': None, 'catkin_skip_building_tests': False, 'cmake_args': None, 'cmake_clean_cache': False, 'cmake_clean_first': False, 'cmake_force_configure': False, 'cmake_target': None, 'cmake_target_skip_unavailable': False, 'install_base': '/home/tiago/ros2_ws/install/IR_assignment1_controller', 'merge_install': False, 'path': '/home/tiago/ros2_ws/src/IR_assignment1_controller', 'symlink_install': False, 'test_result_base': None}
[1.305s] Level 5:colcon.colcon_core.verb:set package 'my_robot_controller' build argument 'cmake_args' from command line to 'None'
[1.305s] Level 5:colcon.colcon_core.verb:set package 'my_robot_controller' build argument 'cmake_target' from command line to 'None'
[1.305s] Level 5:colcon.colcon_core.verb:set package 'my_robot_controller' build argument 'cmake_target_skip_unavailable' from command line to 'False'
[1.305s] Level 5:colcon.colcon_core.verb:set package 'my_robot_controller' build argument 'cmake_clean_cache' from command line to 'False'
[1.305s] Level 5:colcon.colcon_core.verb:set package 'my_robot_controller' build argument 'cmake_clean_first' from command line to 'False'
[1.305s] Level 5:colcon.colcon_core.verb:set package 'my_robot_controller' build argument 'cmake_force_configure' from command line to 'False'
[1.305s] Level 5:colcon.colcon_core.verb:set package 'my_robot_controller' build argument 'ament_cmake_args' from command line to 'None'
[1.305s] Level 5:colcon.colcon_core.verb:set package 'my_robot_controller' build argument 'catkin_cmake_args' from command line to 'None'
[1.305s] Level 5:colcon.colcon_core.verb:set package 'my_robot_controller' build argument 'catkin_skip_building_tests' from command line to 'False'
[1.305s] DEBUG:colcon.colcon_core.verb:Building package 'my_robot_controller' with the following arguments: {'ament_cmake_args': None, 'build_base': '/home/tiago/ros2_ws/build/my_robot_controller', 'catkin_cmake_args': None, 'catkin_skip_building_tests': False, 'cmake_args': None, 'cmake_clean_cache': False, 'cmake_clean_first': False, 'cmake_force_configure': False, 'cmake_target': None, 'cmake_target_skip_unavailable': False, 'install_base': '/home/tiago/ros2_ws/install/my_robot_controller', 'merge_install': False, 'path': '/home/tiago/ros2_ws/src/my_robot_controller', 'symlink_install': False, 'test_result_base': None}
[1.319s] INFO:colcon.colcon_core.executor:Executing jobs using 'parallel' executor
[1.334s] DEBUG:colcon.colcon_parallel_executor.executor.parallel:run_until_complete
[1.334s] INFO:colcon.colcon_ros.task.ament_python.build:Building ROS package in '/home/tiago/ros2_ws/src/IR_assignment1_controller' with build type 'ament_python'
[1.334s] Level 1:colcon.colcon_core.shell:create_environment_hook('IR_assignment1_controller', 'ament_prefix_path')
[1.352s] INFO:colcon.colcon_core.plugin_system:Skipping extension 'colcon_core.shell.bat': Not used on non-Windows systems
[1.352s] INFO:colcon.colcon_core.shell:Creating environment hook '/home/tiago/ros2_ws/install/IR_assignment1_controller/share/IR_assignment1_controller/hook/ament_prefix_path.ps1'
[1.353s] INFO:colcon.colcon_core.shell:Creating environment descriptor '/home/tiago/ros2_ws/install/IR_assignment1_controller/share/IR_assignment1_controller/hook/ament_prefix_path.dsv'
[1.353s] INFO:colcon.colcon_core.shell:Creating environment hook '/home/tiago/ros2_ws/install/IR_assignment1_controller/share/IR_assignment1_controller/hook/ament_prefix_path.sh'
[1.369s] INFO:colcon.colcon_core.shell:Skip shell extension 'powershell' for command environment: Not usable outside of PowerShell
[1.369s] DEBUG:colcon.colcon_core.shell:Skip shell extension 'dsv' for command environment
[1.414s] INFO:colcon.colcon_ros.task.ament_python.build:Building ROS package in '/home/tiago/ros2_ws/src/my_robot_controller' with build type 'ament_python'
[1.414s] Level 1:colcon.colcon_core.shell:create_environment_hook('my_robot_controller', 'ament_prefix_path')
[1.430s] INFO:colcon.colcon_core.shell:Creating environment hook '/home/tiago/ros2_ws/install/my_robot_controller/share/my_robot_controller/hook/ament_prefix_path.ps1'
[1.430s] INFO:colcon.colcon_core.shell:Creating environment descriptor '/home/tiago/ros2_ws/install/my_robot_controller/share/my_robot_controller/hook/ament_prefix_path.dsv'
[1.430s] INFO:colcon.colcon_core.shell:Creating environment hook '/home/tiago/ros2_ws/install/my_robot_controller/share/my_robot_controller/hook/ament_prefix_path.sh'
[1.445s] INFO:colcon.colcon_core.shell:Skip shell extension 'powershell' for command environment: Not usable outside of PowerShell
[1.445s] DEBUG:colcon.colcon_core.shell:Skip shell extension 'dsv' for command environment
[1.728s] INFO:colcon.colcon_core.task.python.build:Building Python package in '/home/tiago/ros2_ws/src/IR_assignment1_controller'
[1.743s] INFO:colcon.colcon_core.shell:Skip shell extension 'powershell' for command environment: Not usable outside of PowerShell
[1.743s] DEBUG:colcon.colcon_core.shell:Skip shell extension 'dsv' for command environment
[2.029s] INFO:colcon.colcon_core.task.python.build:Building Python package in '/home/tiago/ros2_ws/src/my_robot_controller'
[2.044s] INFO:colcon.colcon_core.shell:Skip shell extension 'powershell' for command environment: Not usable outside of PowerShell
[2.044s] DEBUG:colcon.colcon_core.shell:Skip shell extension 'dsv' for command environment
[2.420s] DEBUG:colcon.colcon_core.event_handler.log_command:Invoking command in '/home/tiago/ros2_ws/src/my_robot_controller': PYTHONPATH=/home/tiago/ros2_ws/build/my_robot_controller/prefix_override:/home/tiago/ros2_ws/install/my_robot_controller/lib/python3.10/site-packages:${PYTHONPATH} /usr/bin/python3 setup.py egg_info --egg-base ../../build/my_robot_controller build --build-base /home/tiago/ros2_ws/build/my_robot_controller/build install --record /home/tiago/ros2_ws/build/my_robot_controller/install.log --single-version-externally-managed
[2.423s] DEBUG:colcon.colcon_core.event_handler.log_command:Invoking command in '/home/tiago/ros2_ws/src/IR_assignment1_controller': PYTHONPATH=/home/tiago/ros2_ws/build/IR_assignment1_controller/prefix_override:/home/tiago/ros2_ws/install/IR_assignment1_controller/lib/python3.10/site-packages:${PYTHONPATH} /usr/bin/python3 setup.py egg_info --egg-base ../../build/IR_assignment1_controller build --build-base /home/tiago/ros2_ws/build/IR_assignment1_controller/build install --record /home/tiago/ros2_ws/build/IR_assignment1_controller/install.log --single-version-externally-managed
[2.713s] DEBUG:colcon.colcon_core.event_handler.log_command:Invoked command in '/home/tiago/ros2_ws/src/my_robot_controller' returned '0': PYTHONPATH=/home/tiago/ros2_ws/build/my_robot_controller/prefix_override:/home/tiago/ros2_ws/install/my_robot_controller/lib/python3.10/site-packages:${PYTHONPATH} /usr/bin/python3 setup.py egg_info --egg-base ../../build/my_robot_controller build --build-base /home/tiago/ros2_ws/build/my_robot_controller/build install --record /home/tiago/ros2_ws/build/my_robot_controller/install.log --single-version-externally-managed
[2.731s] Level 1:colcon.colcon_core.environment:checking '/home/tiago/ros2_ws/install/my_robot_controller' for CMake module files
[2.732s] Level 1:colcon.colcon_core.environment:checking '/home/tiago/ros2_ws/install/my_robot_controller' for CMake config files
[2.732s] Level 1:colcon.colcon_core.environment:checking '/home/tiago/ros2_ws/install/my_robot_controller/lib'
[2.733s] Level 1:colcon.colcon_core.environment:checking '/home/tiago/ros2_ws/install/my_robot_controller/bin'
[2.733s] Level 1:colcon.colcon_core.environment:checking '/home/tiago/ros2_ws/install/my_robot_controller/lib/pkgconfig/my_robot_controller.pc'
[2.733s] Level 1:colcon.colcon_core.environment:checking '/home/tiago/ros2_ws/install/my_robot_controller/lib/python3.10/site-packages'
[2.733s] Level 1:colcon.colcon_core.shell:create_environment_hook('my_robot_controller', 'pythonpath')
[2.748s] INFO:colcon.colcon_core.shell:Creating environment hook '/home/tiago/ros2_ws/install/my_robot_controller/share/my_robot_controller/hook/pythonpath.ps1'
[2.749s] INFO:colcon.colcon_core.shell:Creating environment descriptor '/home/tiago/ros2_ws/install/my_robot_controller/share/my_robot_controller/hook/pythonpath.dsv'
[2.749s] INFO:colcon.colcon_core.shell:Creating environment hook '/home/tiago/ros2_ws/install/my_robot_controller/share/my_robot_controller/hook/pythonpath.sh'
[2.750s] Level 1:colcon.colcon_core.environment:checking '/home/tiago/ros2_ws/install/my_robot_controller/bin'
[2.750s] Level 1:colcon.colcon_core.environment:create_environment_scripts_only(my_robot_controller)
[2.764s] INFO:colcon.colcon_core.shell:Creating package script '/home/tiago/ros2_ws/install/my_robot_controller/share/my_robot_controller/package.ps1'
[2.765s] INFO:colcon.colcon_core.shell:Creating package descriptor '/home/tiago/ros2_ws/install/my_robot_controller/share/my_robot_controller/package.dsv'
[2.766s] INFO:colcon.colcon_core.shell:Creating package script '/home/tiago/ros2_ws/install/my_robot_controller/share/my_robot_controller/package.sh'
[2.766s] INFO:colcon.colcon_core.shell:Creating package script '/home/tiago/ros2_ws/install/my_robot_controller/share/my_robot_controller/package.bash'
[2.767s] INFO:colcon.colcon_core.shell:Creating package script '/home/tiago/ros2_ws/install/my_robot_controller/share/my_robot_controller/package.zsh'
[2.768s] Level 1:colcon.colcon_core.environment:create_file_with_runtime_dependencies(/home/tiago/ros2_ws/install/my_robot_controller/share/colcon-core/packages/my_robot_controller)
[2.770s] DEBUG:colcon.colcon_core.event_handler.log_command:Invoked command in '/home/tiago/ros2_ws/src/IR_assignment1_controller' returned '0': PYTHONPATH=/home/tiago/ros2_ws/build/IR_assignment1_controller/prefix_override:/home/tiago/ros2_ws/install/IR_assignment1_controller/lib/python3.10/site-packages:${PYTHONPATH} /usr/bin/python3 setup.py egg_info --egg-base ../../build/IR_assignment1_controller build --build-base /home/tiago/ros2_ws/build/IR_assignment1_controller/build install --record /home/tiago/ros2_ws/build/IR_assignment1_controller/install.log --single-version-externally-managed
[2.784s] Level 1:colcon.colcon_core.environment:checking '/home/tiago/ros2_ws/install/IR_assignment1_controller' for CMake module files
[2.784s] Level 1:colcon.colcon_core.environment:checking '/home/tiago/ros2_ws/install/IR_assignment1_controller' for CMake config files
[2.785s] Level 1:colcon.colcon_core.environment:checking '/home/tiago/ros2_ws/install/IR_assignment1_controller/lib'
[2.785s] Level 1:colcon.colcon_core.environment:checking '/home/tiago/ros2_ws/install/IR_assignment1_controller/bin'
[2.785s] Level 1:colcon.colcon_core.environment:checking '/home/tiago/ros2_ws/install/IR_assignment1_controller/lib/pkgconfig/IR_assignment1_controller.pc'
[2.786s] Level 1:colcon.colcon_core.environment:checking '/home/tiago/ros2_ws/install/IR_assignment1_controller/lib/python3.10/site-packages'
[2.786s] Level 1:colcon.colcon_core.shell:create_environment_hook('IR_assignment1_controller', 'pythonpath')
[2.799s] INFO:colcon.colcon_core.shell:Creating environment hook '/home/tiago/ros2_ws/install/IR_assignment1_controller/share/IR_assignment1_controller/hook/pythonpath.ps1'
[2.800s] INFO:colcon.colcon_core.shell:Creating environment descriptor '/home/tiago/ros2_ws/install/IR_assignment1_controller/share/IR_assignment1_controller/hook/pythonpath.dsv'
[2.800s] INFO:colcon.colcon_core.shell:Creating environment hook '/home/tiago/ros2_ws/install/IR_assignment1_controller/share/IR_assignment1_controller/hook/pythonpath.sh'
[2.800s] Level 1:colcon.colcon_core.environment:checking '/home/tiago/ros2_ws/install/IR_assignment1_controller/bin'
[2.800s] Level 1:colcon.colcon_core.environment:create_environment_scripts_only(IR_assignment1_controller)
[2.814s] INFO:colcon.colcon_core.shell:Creating package script '/home/tiago/ros2_ws/install/IR_assignment1_controller/share/IR_assignment1_controller/package.ps1'
[2.814s] INFO:colcon.colcon_core.shell:Creating package descriptor '/home/tiago/ros2_ws/install/IR_assignment1_controller/share/IR_assignment1_controller/package.dsv'
[2.814s] INFO:colcon.colcon_core.shell:Creating package script '/home/tiago/ros2_ws/install/IR_assignment1_controller/share/IR_assignment1_controller/package.sh'
[2.815s] INFO:colcon.colcon_core.shell:Creating package script '/home/tiago/ros2_ws/install/IR_assignment1_controller/share/IR_assignment1_controller/package.bash'
[2.815s] INFO:colcon.colcon_core.shell:Creating package script '/home/tiago/ros2_ws/install/IR_assignment1_controller/share/IR_assignment1_controller/package.zsh'
[2.815s] Level 1:colcon.colcon_core.environment:create_file_with_runtime_dependencies(/home/tiago/ros2_ws/install/IR_assignment1_controller/share/colcon-core/packages/IR_assignment1_controller)
[2.816s] DEBUG:colcon.colcon_parallel_executor.executor.parallel:closing loop
[2.816s] DEBUG:colcon.colcon_parallel_executor.executor.parallel:loop closed
[2.816s] DEBUG:colcon.colcon_parallel_executor.executor.parallel:run_until_complete finished with '0'
[2.816s] DEBUG:colcon.colcon_core.event_reactor:joining thread
[2.836s] INFO:colcon.colcon_core.plugin_system:Skipping extension 'colcon_notification.desktop_notification.terminal_notifier': Not used on non-Darwin systems
[2.836s] INFO:colcon.colcon_core.plugin_system:Skipping extension 'colcon_notification.desktop_notification.win32': Not used on non-Windows systems
[2.836s] INFO:colcon.colcon_notification.desktop_notification:Sending desktop notification using 'notify2'
[2.854s] DEBUG:colcon.colcon_core.event_reactor:joined thread
[2.869s] INFO:colcon.colcon_core.shell:Creating prefix script '/home/tiago/ros2_ws/install/local_setup.ps1'
[2.870s] INFO:colcon.colcon_core.shell:Creating prefix util module '/home/tiago/ros2_ws/install/_local_setup_util_ps1.py'
[2.871s] INFO:colcon.colcon_core.shell:Creating prefix chain script '/home/tiago/ros2_ws/install/setup.ps1'
[2.886s] INFO:colcon.colcon_core.shell:Creating prefix script '/home/tiago/ros2_ws/install/local_setup.sh'
[2.886s] INFO:colcon.colcon_core.shell:Creating prefix util module '/home/tiago/ros2_ws/install/_local_setup_util_sh.py'
[2.887s] INFO:colcon.colcon_core.shell:Creating prefix chain script '/home/tiago/ros2_ws/install/setup.sh'
[2.901s] INFO:colcon.colcon_core.shell:Creating prefix script '/home/tiago/ros2_ws/install/local_setup.bash'
[2.902s] INFO:colcon.colcon_core.shell:Creating prefix chain script '/home/tiago/ros2_ws/install/setup.bash'
[2.916s] INFO:colcon.colcon_core.shell:Creating prefix script '/home/tiago/ros2_ws/install/local_setup.zsh'
[2.917s] INFO:colcon.colcon_core.shell:Creating prefix chain script '/home/tiago/ros2_ws/install/setup.zsh'
