[1.302s] Invoking command in '/home/tiago/ros2_ws/src/IR_assignment1_controller': PYTHONPATH=/home/tiago/ros2_ws/build/IR_assignment1_controller/prefix_override:/home/tiago/ros2_ws/install/IR_assignment1_controller/lib/python3.10/site-packages:${PYTHONPATH} /usr/bin/python3 setup.py egg_info --egg-base ../../build/IR_assignment1_controller build --build-base /home/tiago/ros2_ws/build/IR_assignment1_controller/build install --record /home/tiago/ros2_ws/build/IR_assignment1_controller/install.log --single-version-externally-managed
[1.571s] running egg_info
[1.572s] writing ../../build/IR_assignment1_controller/IR_assignment1_controller.egg-info/PKG-INFO
[1.572s] writing dependency_links to ../../build/IR_assignment1_controller/IR_assignment1_controller.egg-info/dependency_links.txt
[1.572s] writing entry points to ../../build/IR_assignment1_controller/IR_assignment1_controller.egg-info/entry_points.txt
[1.572s] writing requirements to ../../build/IR_assignment1_controller/IR_assignment1_controller.egg-info/requires.txt
[1.572s] writing top-level names to ../../build/IR_assignment1_controller/IR_assignment1_controller.egg-info/top_level.txt
[1.574s] reading manifest file '../../build/IR_assignment1_controller/IR_assignment1_controller.egg-info/SOURCES.txt'
[1.575s] writing manifest file '../../build/IR_assignment1_controller/IR_assignment1_controller.egg-info/SOURCES.txt'
[1.575s] running build
[1.575s] running build_py
[1.575s] copying IR_assignment1_controller/wall_follower.py -> /home/tiago/ros2_ws/build/IR_assignment1_controller/build/lib/IR_assignment1_controller
[1.575s] running install
[1.576s] running install_lib
[1.577s] copying /home/tiago/ros2_ws/build/IR_assignment1_controller/build/lib/IR_assignment1_controller/wall_follower.py -> /home/tiago/ros2_ws/install/IR_assignment1_controller/lib/python3.10/site-packages/IR_assignment1_controller
[1.577s] byte-compiling /home/tiago/ros2_ws/install/IR_assignment1_controller/lib/python3.10/site-packages/IR_assignment1_controller/wall_follower.py to wall_follower.cpython-310.pyc
[1.580s] running install_data
[1.581s] running install_egg_info
[1.582s] removing '/home/tiago/ros2_ws/install/IR_assignment1_controller/lib/python3.10/site-packages/IR_assignment1_controller-0.0.0-py3.10.egg-info' (and everything under it)
[1.583s] Copying ../../build/IR_assignment1_controller/IR_assignment1_controller.egg-info to /home/tiago/ros2_ws/install/IR_assignment1_controller/lib/python3.10/site-packages/IR_assignment1_controller-0.0.0-py3.10.egg-info
[1.584s] running install_scripts
[1.605s] Installing wall_follower script to /home/tiago/ros2_ws/install/IR_assignment1_controller/lib/IR_assignment1_controller
[1.606s] writing list of installed files to '/home/tiago/ros2_ws/build/IR_assignment1_controller/install.log'
[1.651s] Invoked command in '/home/tiago/ros2_ws/src/IR_assignment1_controller' returned '0': PYTHONPATH=/home/tiago/ros2_ws/build/IR_assignment1_controller/prefix_override:/home/tiago/ros2_ws/install/IR_assignment1_controller/lib/python3.10/site-packages:${PYTHONPATH} /usr/bin/python3 setup.py egg_info --egg-base ../../build/IR_assignment1_controller build --build-base /home/tiago/ros2_ws/build/IR_assignment1_controller/build install --record /home/tiago/ros2_ws/build/IR_assignment1_controller/install.log --single-version-externally-managed
