[0.909s] Invoking command in '/home/tiago/ros2_ws/build/my_robot_controller': PYTHONPATH=/home/tiago/ros2_ws/build/my_robot_controller/prefix_override:/home/tiago/ros2_ws/install/my_robot_controller/lib/python3.10/site-packages:${PYTHONPATH} /usr/bin/python3 setup.py develop --uninstall --editable --build-directory /home/tiago/ros2_ws/build/my_robot_controller/build
[1.125s] running develop
[1.261s] Removing /home/tiago/ros2_ws/install/my_robot_controller/lib/python3.10/site-packages/my-robot-controller.egg-link (link to .)
[1.289s] Invoked command in '/home/tiago/ros2_ws/build/my_robot_controller' returned '0': PYTHONPATH=/home/tiago/ros2_ws/build/my_robot_controller/prefix_override:/home/tiago/ros2_ws/install/my_robot_controller/lib/python3.10/site-packages:${PYTHONPATH} /usr/bin/python3 setup.py develop --uninstall --editable --build-directory /home/tiago/ros2_ws/build/my_robot_controller/build
[1.291s] Invoking command in '/home/tiago/ros2_ws/src/my_robot_controller': PYTHONPATH=/home/tiago/ros2_ws/build/my_robot_controller/prefix_override:/home/tiago/ros2_ws/install/my_robot_controller/lib/python3.10/site-packages:${PYTHONPATH} /usr/bin/python3 setup.py egg_info --egg-base ../../build/my_robot_controller build --build-base /home/tiago/ros2_ws/build/my_robot_controller/build install --record /home/tiago/ros2_ws/build/my_robot_controller/install.log --single-version-externally-managed
[1.488s] running egg_info
[1.488s] writing ../../build/my_robot_controller/my_robot_controller.egg-info/PKG-INFO
[1.488s] writing dependency_links to ../../build/my_robot_controller/my_robot_controller.egg-info/dependency_links.txt
[1.489s] writing entry points to ../../build/my_robot_controller/my_robot_controller.egg-info/entry_points.txt
[1.489s] writing requirements to ../../build/my_robot_controller/my_robot_controller.egg-info/requires.txt
[1.489s] writing top-level names to ../../build/my_robot_controller/my_robot_controller.egg-info/top_level.txt
[1.490s] reading manifest file '../../build/my_robot_controller/my_robot_controller.egg-info/SOURCES.txt'
[1.500s] writing manifest file '../../build/my_robot_controller/my_robot_controller.egg-info/SOURCES.txt'
[1.500s] running build
[1.500s] running build_py
[1.500s] copying my_robot_controller/pose_subscriber.py -> /home/tiago/ros2_ws/build/my_robot_controller/build/lib/my_robot_controller
[1.501s] copying my_robot_controller/wall_follower.py -> /home/tiago/ros2_ws/build/my_robot_controller/build/lib/my_robot_controller
[1.501s] copying my_robot_controller/turtle_controller.py -> /home/tiago/ros2_ws/build/my_robot_controller/build/lib/my_robot_controller
[1.501s] running install
[1.501s] running install_lib
[1.502s] creating /home/tiago/ros2_ws/install/my_robot_controller/lib/python3.10/site-packages/my_robot_controller
[1.502s] copying /home/tiago/ros2_ws/build/my_robot_controller/build/lib/my_robot_controller/__init__.py -> /home/tiago/ros2_ws/install/my_robot_controller/lib/python3.10/site-packages/my_robot_controller
[1.502s] copying /home/tiago/ros2_ws/build/my_robot_controller/build/lib/my_robot_controller/draw_circle.py -> /home/tiago/ros2_ws/install/my_robot_controller/lib/python3.10/site-packages/my_robot_controller
[1.502s] copying /home/tiago/ros2_ws/build/my_robot_controller/build/lib/my_robot_controller/my_first_node.py -> /home/tiago/ros2_ws/install/my_robot_controller/lib/python3.10/site-packages/my_robot_controller
[1.502s] copying /home/tiago/ros2_ws/build/my_robot_controller/build/lib/my_robot_controller/pose_subscriber.py -> /home/tiago/ros2_ws/install/my_robot_controller/lib/python3.10/site-packages/my_robot_controller
[1.502s] copying /home/tiago/ros2_ws/build/my_robot_controller/build/lib/my_robot_controller/wall_follower.py -> /home/tiago/ros2_ws/install/my_robot_controller/lib/python3.10/site-packages/my_robot_controller
[1.502s] copying /home/tiago/ros2_ws/build/my_robot_controller/build/lib/my_robot_controller/turtle_controller.py -> /home/tiago/ros2_ws/install/my_robot_controller/lib/python3.10/site-packages/my_robot_controller
[1.503s] byte-compiling /home/tiago/ros2_ws/install/my_robot_controller/lib/python3.10/site-packages/my_robot_controller/__init__.py to __init__.cpython-310.pyc
[1.503s] byte-compiling /home/tiago/ros2_ws/install/my_robot_controller/lib/python3.10/site-packages/my_robot_controller/draw_circle.py to draw_circle.cpython-310.pyc
[1.503s] byte-compiling /home/tiago/ros2_ws/install/my_robot_controller/lib/python3.10/site-packages/my_robot_controller/my_first_node.py to my_first_node.cpython-310.pyc
[1.504s] byte-compiling /home/tiago/ros2_ws/install/my_robot_controller/lib/python3.10/site-packages/my_robot_controller/pose_subscriber.py to pose_subscriber.cpython-310.pyc
[1.504s] byte-compiling /home/tiago/ros2_ws/install/my_robot_controller/lib/python3.10/site-packages/my_robot_controller/wall_follower.py to wall_follower.cpython-310.pyc
[1.504s] byte-compiling /home/tiago/ros2_ws/install/my_robot_controller/lib/python3.10/site-packages/my_robot_controller/turtle_controller.py to turtle_controller.cpython-310.pyc
[1.505s] running install_data
[1.505s] running install_egg_info
[1.506s] Copying ../../build/my_robot_controller/my_robot_controller.egg-info to /home/tiago/ros2_ws/install/my_robot_controller/lib/python3.10/site-packages/my_robot_controller-0.0.0-py3.10.egg-info
[1.507s] running install_scripts
[1.522s] Installing draw_circle script to /home/tiago/ros2_ws/install/my_robot_controller/lib/my_robot_controller
[1.523s] Installing pose_subscriber script to /home/tiago/ros2_ws/install/my_robot_controller/lib/my_robot_controller
[1.523s] Installing test_node script to /home/tiago/ros2_ws/install/my_robot_controller/lib/my_robot_controller
[1.523s] Installing turtle_controller script to /home/tiago/ros2_ws/install/my_robot_controller/lib/my_robot_controller
[1.523s] Installing wall_follower script to /home/tiago/ros2_ws/install/my_robot_controller/lib/my_robot_controller
[1.523s] writing list of installed files to '/home/tiago/ros2_ws/build/my_robot_controller/install.log'
[1.543s] Invoked command in '/home/tiago/ros2_ws/src/my_robot_controller' returned '0': PYTHONPATH=/home/tiago/ros2_ws/build/my_robot_controller/prefix_override:/home/tiago/ros2_ws/install/my_robot_controller/lib/python3.10/site-packages:${PYTHONPATH} /usr/bin/python3 setup.py egg_info --egg-base ../../build/my_robot_controller build --build-base /home/tiago/ros2_ws/build/my_robot_controller/build install --record /home/tiago/ros2_ws/build/my_robot_controller/install.log --single-version-externally-managed
