[1.106s] Invoking command in '/home/tiago/ros2_ws/build/my_robot_controller': PYTHONPATH=/home/tiago/ros2_ws/build/my_robot_controller/prefix_override:/home/tiago/ros2_ws/install/my_robot_controller/lib/python3.10/site-packages:${PYTHONPATH} /usr/bin/python3 setup.py develop --uninstall --editable --build-directory /home/tiago/ros2_ws/build/my_robot_controller/build
[1.355s] running develop
[1.512s] Removing /home/tiago/ros2_ws/install/my_robot_controller/lib/python3.10/site-packages/my-robot-controller.egg-link (link to .)
[1.549s] Invoked command in '/home/tiago/ros2_ws/build/my_robot_controller' returned '0': PYTHONPATH=/home/tiago/ros2_ws/build/my_robot_controller/prefix_override:/home/tiago/ros2_ws/install/my_robot_controller/lib/python3.10/site-packages:${PYTHONPATH} /usr/bin/python3 setup.py develop --uninstall --editable --build-directory /home/tiago/ros2_ws/build/my_robot_controller/build
[1.551s] Invoking command in '/home/tiago/ros2_ws/src/my_robot_controller': PYTHONPATH=/home/tiago/ros2_ws/build/my_robot_controller/prefix_override:/home/tiago/ros2_ws/install/my_robot_controller/lib/python3.10/site-packages:${PYTHONPATH} /usr/bin/python3 setup.py egg_info --egg-base ../../build/my_robot_controller build --build-base /home/tiago/ros2_ws/build/my_robot_controller/build install --record /home/tiago/ros2_ws/build/my_robot_controller/install.log --single-version-externally-managed
[1.787s] running egg_info
[1.788s] writing ../../build/my_robot_controller/my_robot_controller.egg-info/PKG-INFO
[1.788s] writing dependency_links to ../../build/my_robot_controller/my_robot_controller.egg-info/dependency_links.txt
[1.788s] writing entry points to ../../build/my_robot_controller/my_robot_controller.egg-info/entry_points.txt
[1.788s] writing requirements to ../../build/my_robot_controller/my_robot_controller.egg-info/requires.txt
[1.788s] writing top-level names to ../../build/my_robot_controller/my_robot_controller.egg-info/top_level.txt
[1.790s] reading manifest file '../../build/my_robot_controller/my_robot_controller.egg-info/SOURCES.txt'
[1.791s] writing manifest file '../../build/my_robot_controller/my_robot_controller.egg-info/SOURCES.txt'
[1.791s] running build
[1.791s] running build_py
[1.792s] running install
[1.792s] running install_lib
[1.793s] creating /home/tiago/ros2_ws/install/my_robot_controller/lib/python3.10/site-packages/my_robot_controller
[1.793s] copying /home/tiago/ros2_ws/build/my_robot_controller/build/lib/my_robot_controller/__init__.py -> /home/tiago/ros2_ws/install/my_robot_controller/lib/python3.10/site-packages/my_robot_controller
[1.793s] copying /home/tiago/ros2_ws/build/my_robot_controller/build/lib/my_robot_controller/draw_circle.py -> /home/tiago/ros2_ws/install/my_robot_controller/lib/python3.10/site-packages/my_robot_controller
[1.793s] copying /home/tiago/ros2_ws/build/my_robot_controller/build/lib/my_robot_controller/my_first_node.py -> /home/tiago/ros2_ws/install/my_robot_controller/lib/python3.10/site-packages/my_robot_controller
[1.793s] copying /home/tiago/ros2_ws/build/my_robot_controller/build/lib/my_robot_controller/pose_subscriber.py -> /home/tiago/ros2_ws/install/my_robot_controller/lib/python3.10/site-packages/my_robot_controller
[1.794s] copying /home/tiago/ros2_ws/build/my_robot_controller/build/lib/my_robot_controller/wall_follower.py -> /home/tiago/ros2_ws/install/my_robot_controller/lib/python3.10/site-packages/my_robot_controller
[1.794s] copying /home/tiago/ros2_ws/build/my_robot_controller/build/lib/my_robot_controller/turtle_controller.py -> /home/tiago/ros2_ws/install/my_robot_controller/lib/python3.10/site-packages/my_robot_controller
[1.795s] byte-compiling /home/tiago/ros2_ws/install/my_robot_controller/lib/python3.10/site-packages/my_robot_controller/__init__.py to __init__.cpython-310.pyc
[1.795s] byte-compiling /home/tiago/ros2_ws/install/my_robot_controller/lib/python3.10/site-packages/my_robot_controller/draw_circle.py to draw_circle.cpython-310.pyc
[1.795s] byte-compiling /home/tiago/ros2_ws/install/my_robot_controller/lib/python3.10/site-packages/my_robot_controller/my_first_node.py to my_first_node.cpython-310.pyc
[1.796s] byte-compiling /home/tiago/ros2_ws/install/my_robot_controller/lib/python3.10/site-packages/my_robot_controller/pose_subscriber.py to pose_subscriber.cpython-310.pyc
[1.796s] byte-compiling /home/tiago/ros2_ws/install/my_robot_controller/lib/python3.10/site-packages/my_robot_controller/wall_follower.py to wall_follower.cpython-310.pyc
[1.796s] byte-compiling /home/tiago/ros2_ws/install/my_robot_controller/lib/python3.10/site-packages/my_robot_controller/turtle_controller.py to turtle_controller.cpython-310.pyc
[1.797s] running install_data
[1.798s] running install_egg_info
[1.799s] Copying ../../build/my_robot_controller/my_robot_controller.egg-info to /home/tiago/ros2_ws/install/my_robot_controller/lib/python3.10/site-packages/my_robot_controller-0.0.0-py3.10.egg-info
[1.800s] running install_scripts
[1.820s] Installing draw_circle script to /home/tiago/ros2_ws/install/my_robot_controller/lib/my_robot_controller
[1.820s] Installing pose_subscriber script to /home/tiago/ros2_ws/install/my_robot_controller/lib/my_robot_controller
[1.820s] Installing test_node script to /home/tiago/ros2_ws/install/my_robot_controller/lib/my_robot_controller
[1.820s] Installing turtle_controller script to /home/tiago/ros2_ws/install/my_robot_controller/lib/my_robot_controller
[1.820s] Installing wall_follower script to /home/tiago/ros2_ws/install/my_robot_controller/lib/my_robot_controller
[1.821s] writing list of installed files to '/home/tiago/ros2_ws/build/my_robot_controller/install.log'
[1.858s] Invoked command in '/home/tiago/ros2_ws/src/my_robot_controller' returned '0': PYTHONPATH=/home/tiago/ros2_ws/build/my_robot_controller/prefix_override:/home/tiago/ros2_ws/install/my_robot_controller/lib/python3.10/site-packages:${PYTHONPATH} /usr/bin/python3 setup.py egg_info --egg-base ../../build/my_robot_controller build --build-base /home/tiago/ros2_ws/build/my_robot_controller/build install --record /home/tiago/ros2_ws/build/my_robot_controller/install.log --single-version-externally-managed
