[0.826s] Invoking command in '/home/tiago/ros2_ws/build/my_robot_controller': PYTHONPATH=/home/tiago/ros2_ws/build/my_robot_controller/prefix_override:/home/tiago/ros2_ws/install/my_robot_controller/lib/python3.10/site-packages:${PYTHONPATH} /usr/bin/python3 setup.py develop --editable --build-directory /home/tiago/ros2_ws/build/my_robot_controller/build --no-deps install_data
[1.029s] running develop
[1.156s] running egg_info
[1.157s] writing my_robot_controller.egg-info/PKG-INFO
[1.157s] writing dependency_links to my_robot_controller.egg-info/dependency_links.txt
[1.157s] writing entry points to my_robot_controller.egg-info/entry_points.txt
[1.157s] writing requirements to my_robot_controller.egg-info/requires.txt
[1.157s] writing top-level names to my_robot_controller.egg-info/top_level.txt
[1.159s] reading manifest file 'my_robot_controller.egg-info/SOURCES.txt'
[1.159s] writing manifest file 'my_robot_controller.egg-info/SOURCES.txt'
[1.160s] running build_ext
[1.160s] Creating /home/tiago/ros2_ws/install/my_robot_controller/lib/python3.10/site-packages/my-robot-controller.egg-link (link to .)
[1.161s] Installing draw_circle script to /home/tiago/ros2_ws/install/my_robot_controller/lib/my_robot_controller
[1.161s] Installing pose_subscriber script to /home/tiago/ros2_ws/install/my_robot_controller/lib/my_robot_controller
[1.161s] Installing test_node script to /home/tiago/ros2_ws/install/my_robot_controller/lib/my_robot_controller
[1.161s] Installing turtle_controller script to /home/tiago/ros2_ws/install/my_robot_controller/lib/my_robot_controller
[1.161s] Installing wall_follower script to /home/tiago/ros2_ws/install/my_robot_controller/lib/my_robot_controller
[1.162s] 
[1.162s] Installed /home/tiago/ros2_ws/build/my_robot_controller
[1.162s] running install_data
[1.254s] Invoked command in '/home/tiago/ros2_ws/build/my_robot_controller' returned '0': PYTHONPATH=/home/tiago/ros2_ws/build/my_robot_controller/prefix_override:/home/tiago/ros2_ws/install/my_robot_controller/lib/python3.10/site-packages:${PYTHONPATH} /usr/bin/python3 setup.py develop --editable --build-directory /home/tiago/ros2_ws/build/my_robot_controller/build --no-deps install_data
