[0.562s] Invoking command in '/home/tiago/ros2_ws/build/my_robot_controller': PYTHONPATH=/home/tiago/ros2_ws/build/my_robot_controller/prefix_override:/home/tiago/ros2_ws/install/my_robot_controller/lib/python3.10/site-packages:${PYTHONPATH} /usr/bin/python3 setup.py develop --uninstall --editable --build-directory /home/tiago/ros2_ws/build/my_robot_controller/build
[0.758s] running develop
[0.881s] Removing /home/tiago/ros2_ws/install/my_robot_controller/lib/python3.10/site-packages/my-robot-controller.egg-link (link to .)
[0.906s] Invoked command in '/home/tiago/ros2_ws/build/my_robot_controller' returned '0': PYTHONPATH=/home/tiago/ros2_ws/build/my_robot_controller/prefix_override:/home/tiago/ros2_ws/install/my_robot_controller/lib/python3.10/site-packages:${PYTHONPATH} /usr/bin/python3 setup.py develop --uninstall --editable --build-directory /home/tiago/ros2_ws/build/my_robot_controller/build
[0.907s] Invoking command in '/home/tiago/ros2_ws/src/my_robot_controller': PYTHONPATH=/home/tiago/ros2_ws/build/my_robot_controller/prefix_override:/home/tiago/ros2_ws/install/my_robot_controller/lib/python3.10/site-packages:${PYTHONPATH} /usr/bin/python3 setup.py egg_info --egg-base ../../build/my_robot_controller build --build-base /home/tiago/ros2_ws/build/my_robot_controller/build install --record /home/tiago/ros2_ws/build/my_robot_controller/install.log --single-version-externally-managed
[1.091s] running egg_info
[1.091s] writing ../../build/my_robot_controller/my_robot_controller.egg-info/PKG-INFO
[1.092s] writing dependency_links to ../../build/my_robot_controller/my_robot_controller.egg-info/dependency_links.txt
[1.092s] writing entry points to ../../build/my_robot_controller/my_robot_controller.egg-info/entry_points.txt
[1.092s] writing requirements to ../../build/my_robot_controller/my_robot_controller.egg-info/requires.txt
[1.092s] writing top-level names to ../../build/my_robot_controller/my_robot_controller.egg-info/top_level.txt
[1.093s] reading manifest file '../../build/my_robot_controller/my_robot_controller.egg-info/SOURCES.txt'
[1.094s] writing manifest file '../../build/my_robot_controller/my_robot_controller.egg-info/SOURCES.txt'
[1.094s] running build
[1.094s] running build_py
[1.094s] copying my_robot_controller/draw_circle.py -> /home/tiago/ros2_ws/build/my_robot_controller/build/lib/my_robot_controller
[1.094s] copying my_robot_controller/my_first_node.py -> /home/tiago/ros2_ws/build/my_robot_controller/build/lib/my_robot_controller
[1.094s] copying my_robot_controller/pose_subscriber.py -> /home/tiago/ros2_ws/build/my_robot_controller/build/lib/my_robot_controller
[1.094s] running install
[1.095s] running install_lib
[1.095s] creating /home/tiago/ros2_ws/install/my_robot_controller/lib/python3.10/site-packages/my_robot_controller
[1.095s] copying /home/tiago/ros2_ws/build/my_robot_controller/build/lib/my_robot_controller/__init__.py -> /home/tiago/ros2_ws/install/my_robot_controller/lib/python3.10/site-packages/my_robot_controller
[1.095s] copying /home/tiago/ros2_ws/build/my_robot_controller/build/lib/my_robot_controller/draw_circle.py -> /home/tiago/ros2_ws/install/my_robot_controller/lib/python3.10/site-packages/my_robot_controller
[1.095s] copying /home/tiago/ros2_ws/build/my_robot_controller/build/lib/my_robot_controller/my_first_node.py -> /home/tiago/ros2_ws/install/my_robot_controller/lib/python3.10/site-packages/my_robot_controller
[1.096s] copying /home/tiago/ros2_ws/build/my_robot_controller/build/lib/my_robot_controller/pose_subscriber.py -> /home/tiago/ros2_ws/install/my_robot_controller/lib/python3.10/site-packages/my_robot_controller
[1.096s] byte-compiling /home/tiago/ros2_ws/install/my_robot_controller/lib/python3.10/site-packages/my_robot_controller/__init__.py to __init__.cpython-310.pyc
[1.096s] byte-compiling /home/tiago/ros2_ws/install/my_robot_controller/lib/python3.10/site-packages/my_robot_controller/draw_circle.py to draw_circle.cpython-310.pyc
[1.096s] byte-compiling /home/tiago/ros2_ws/install/my_robot_controller/lib/python3.10/site-packages/my_robot_controller/my_first_node.py to my_first_node.cpython-310.pyc
[1.097s] byte-compiling /home/tiago/ros2_ws/install/my_robot_controller/lib/python3.10/site-packages/my_robot_controller/pose_subscriber.py to pose_subscriber.cpython-310.pyc
[1.097s] running install_data
[1.097s] running install_egg_info
[1.098s] Copying ../../build/my_robot_controller/my_robot_controller.egg-info to /home/tiago/ros2_ws/install/my_robot_controller/lib/python3.10/site-packages/my_robot_controller-0.0.0-py3.10.egg-info
[1.099s] running install_scripts
[1.114s] Installing draw_circle script to /home/tiago/ros2_ws/install/my_robot_controller/lib/my_robot_controller
[1.114s] Installing pose_subscriber script to /home/tiago/ros2_ws/install/my_robot_controller/lib/my_robot_controller
[1.114s] Installing test_node script to /home/tiago/ros2_ws/install/my_robot_controller/lib/my_robot_controller
[1.114s] writing list of installed files to '/home/tiago/ros2_ws/build/my_robot_controller/install.log'
[1.135s] Invoked command in '/home/tiago/ros2_ws/src/my_robot_controller' returned '0': PYTHONPATH=/home/tiago/ros2_ws/build/my_robot_controller/prefix_override:/home/tiago/ros2_ws/install/my_robot_controller/lib/python3.10/site-packages:${PYTHONPATH} /usr/bin/python3 setup.py egg_info --egg-base ../../build/my_robot_controller build --build-base /home/tiago/ros2_ws/build/my_robot_controller/build install --record /home/tiago/ros2_ws/build/my_robot_controller/install.log --single-version-externally-managed
