[1.077s] Invoking command in '/home/tiago/ros2_ws/src/my_robot_controller': PYTHONPATH=/home/tiago/ros2_ws/build/my_robot_controller/prefix_override:/home/tiago/ros2_ws/install/my_robot_controller/lib/python3.10/site-packages:${PYTHONPATH} /usr/bin/python3 setup.py egg_info --egg-base ../../build/my_robot_controller build --build-base /home/tiago/ros2_ws/build/my_robot_controller/build install --record /home/tiago/ros2_ws/build/my_robot_controller/install.log --single-version-externally-managed
[1.315s] running egg_info
[1.316s] writing ../../build/my_robot_controller/my_robot_controller.egg-info/PKG-INFO
[1.316s] writing dependency_links to ../../build/my_robot_controller/my_robot_controller.egg-info/dependency_links.txt
[1.316s] writing entry points to ../../build/my_robot_controller/my_robot_controller.egg-info/entry_points.txt
[1.316s] writing requirements to ../../build/my_robot_controller/my_robot_controller.egg-info/requires.txt
[1.316s] writing top-level names to ../../build/my_robot_controller/my_robot_controller.egg-info/top_level.txt
[1.318s] reading manifest file '../../build/my_robot_controller/my_robot_controller.egg-info/SOURCES.txt'
[1.319s] writing manifest file '../../build/my_robot_controller/my_robot_controller.egg-info/SOURCES.txt'
[1.319s] running build
[1.319s] running build_py
[1.320s] running install
[1.320s] running install_lib
[1.322s] running install_data
[1.322s] running install_egg_info
[1.324s] removing '/home/tiago/ros2_ws/install/my_robot_controller/lib/python3.10/site-packages/my_robot_controller-0.0.0-py3.10.egg-info' (and everything under it)
[1.325s] Copying ../../build/my_robot_controller/my_robot_controller.egg-info to /home/tiago/ros2_ws/install/my_robot_controller/lib/python3.10/site-packages/my_robot_controller-0.0.0-py3.10.egg-info
[1.326s] running install_scripts
[1.347s] Installing draw_circle script to /home/tiago/ros2_ws/install/my_robot_controller/lib/my_robot_controller
[1.347s] Installing pose_subscriber script to /home/tiago/ros2_ws/install/my_robot_controller/lib/my_robot_controller
[1.347s] Installing test_node script to /home/tiago/ros2_ws/install/my_robot_controller/lib/my_robot_controller
[1.348s] Installing turtle_controller script to /home/tiago/ros2_ws/install/my_robot_controller/lib/my_robot_controller
[1.348s] Installing wall_follower script to /home/tiago/ros2_ws/install/my_robot_controller/lib/my_robot_controller
[1.348s] writing list of installed files to '/home/tiago/ros2_ws/build/my_robot_controller/install.log'
[1.448s] Invoked command in '/home/tiago/ros2_ws/src/my_robot_controller' returned '0': PYTHONPATH=/home/tiago/ros2_ws/build/my_robot_controller/prefix_override:/home/tiago/ros2_ws/install/my_robot_controller/lib/python3.10/site-packages:${PYTHONPATH} /usr/bin/python3 setup.py egg_info --egg-base ../../build/my_robot_controller build --build-base /home/tiago/ros2_ws/build/my_robot_controller/build install --record /home/tiago/ros2_ws/build/my_robot_controller/install.log --single-version-externally-managed
