running develop
running egg_info
creating IR_assignment1_controller.egg-info
writing IR_assignment1_controller.egg-info/PKG-INFO
writing dependency_links to IR_assignment1_controller.egg-info/dependency_links.txt
writing entry points to IR_assignment1_controller.egg-info/entry_points.txt
writing requirements to IR_assignment1_controller.egg-info/requires.txt
writing top-level names to IR_assignment1_controller.egg-info/top_level.txt
writing manifest file 'IR_assignment1_controller.egg-info/SOURCES.txt'
reading manifest file 'IR_assignment1_controller.egg-info/SOURCES.txt'
writing manifest file 'IR_assignment1_controller.egg-info/SOURCES.txt'
running build_ext
Creating /home/tiago/ros2_ws/install/IR_assignment1_controller/lib/python3.10/site-packages/IR-assignment1-controller.egg-link (link to .)
Installing wall_follower script to /home/tiago/ros2_ws/install/IR_assignment1_controller/lib/IR_assignment1_controller

Installed /home/tiago/ros2_ws/build/IR_assignment1_controller
running install_data
creating /home/tiago/ros2_ws/install/IR_assignment1_controller/share/ament_index
creating /home/tiago/ros2_ws/install/IR_assignment1_controller/share/ament_index/resource_index
creating /home/tiago/ros2_ws/install/IR_assignment1_controller/share/ament_index/resource_index/packages
copying resource/IR_assignment1_controller -> /home/tiago/ros2_ws/install/IR_assignment1_controller/share/ament_index/resource_index/packages
copying package.xml -> /home/tiago/ros2_ws/install/IR_assignment1_controller/share/IR_assignment1_controller
