[1.094s] Invoking command in '/home/tiago/ros2_ws/build/my_robot_controller': PYTHONPATH=/home/tiago/ros2_ws/build/my_robot_controller/prefix_override:/home/tiago/ros2_ws/install/my_robot_controller/lib/python3.10/site-packages:${PYTHONPATH} /usr/bin/python3 setup.py develop --editable --build-directory /home/tiago/ros2_ws/build/my_robot_controller/build --no-deps install_data
[1.363s] running develop
[1.526s] running egg_info
[1.526s] writing my_robot_controller.egg-info/PKG-INFO
[1.527s] writing dependency_links to my_robot_controller.egg-info/dependency_links.txt
[1.527s] writing entry points to my_robot_controller.egg-info/entry_points.txt
[1.527s] writing requirements to my_robot_controller.egg-info/requires.txt
[1.527s] writing top-level names to my_robot_controller.egg-info/top_level.txt
[1.530s] reading manifest file 'my_robot_controller.egg-info/SOURCES.txt'
[1.530s] writing manifest file 'my_robot_controller.egg-info/SOURCES.txt'
[1.531s] running build_ext
[1.532s] Creating /home/tiago/ros2_ws/install/my_robot_controller/lib/python3.10/site-packages/my-robot-controller.egg-link (link to .)
[1.532s] Installing draw_circle script to /home/tiago/ros2_ws/install/my_robot_controller/lib/my_robot_controller
[1.532s] Installing pose_subscriber script to /home/tiago/ros2_ws/install/my_robot_controller/lib/my_robot_controller
[1.533s] Installing test_node script to /home/tiago/ros2_ws/install/my_robot_controller/lib/my_robot_controller
[1.533s] Installing turtle_controller script to /home/tiago/ros2_ws/install/my_robot_controller/lib/my_robot_controller
[1.533s] Installing wall_follower script to /home/tiago/ros2_ws/install/my_robot_controller/lib/my_robot_controller
[1.533s] 
[1.533s] Installed /home/tiago/ros2_ws/build/my_robot_controller
[1.533s] running install_data
[1.586s] Invoked command in '/home/tiago/ros2_ws/build/my_robot_controller' returned '0': PYTHONPATH=/home/tiago/ros2_ws/build/my_robot_controller/prefix_override:/home/tiago/ros2_ws/install/my_robot_controller/lib/python3.10/site-packages:${PYTHONPATH} /usr/bin/python3 setup.py develop --editable --build-directory /home/tiago/ros2_ws/build/my_robot_controller/build --no-deps install_data
