[0.551s] Invoking command in '/home/tiago/ros2_ws/src/my_robot_controller': PYTHONPATH=/home/tiago/ros2_ws/build/my_robot_controller/prefix_override:/home/tiago/ros2_ws/install/my_robot_controller/lib/python3.10/site-packages:${PYTHONPATH} /usr/bin/python3 setup.py egg_info --egg-base ../../build/my_robot_controller build --build-base /home/tiago/ros2_ws/build/my_robot_controller/build install --record /home/tiago/ros2_ws/build/my_robot_controller/install.log --single-version-externally-managed
[0.730s] running egg_info
[0.731s] writing ../../build/my_robot_controller/my_robot_controller.egg-info/PKG-INFO
[0.731s] writing dependency_links to ../../build/my_robot_controller/my_robot_controller.egg-info/dependency_links.txt
[0.731s] writing entry points to ../../build/my_robot_controller/my_robot_controller.egg-info/entry_points.txt
[0.731s] writing requirements to ../../build/my_robot_controller/my_robot_controller.egg-info/requires.txt
[0.731s] writing top-level names to ../../build/my_robot_controller/my_robot_controller.egg-info/top_level.txt
[0.732s] reading manifest file '../../build/my_robot_controller/my_robot_controller.egg-info/SOURCES.txt'
[0.733s] writing manifest file '../../build/my_robot_controller/my_robot_controller.egg-info/SOURCES.txt'
[0.733s] running build
[0.733s] running build_py
[0.733s] copying my_robot_controller/my_first_node.py -> /home/tiago/ros2_ws/build/my_robot_controller/build/lib/my_robot_controller
[0.733s] running install
[0.734s] running install_lib
[0.734s] copying /home/tiago/ros2_ws/build/my_robot_controller/build/lib/my_robot_controller/my_first_node.py -> /home/tiago/ros2_ws/install/my_robot_controller/lib/python3.10/site-packages/my_robot_controller
[0.735s] byte-compiling /home/tiago/ros2_ws/install/my_robot_controller/lib/python3.10/site-packages/my_robot_controller/my_first_node.py to my_first_node.cpython-310.pyc
[0.735s] running install_data
[0.735s] running install_egg_info
[0.736s] removing '/home/tiago/ros2_ws/install/my_robot_controller/lib/python3.10/site-packages/my_robot_controller-0.0.0-py3.10.egg-info' (and everything under it)
[0.736s] Copying ../../build/my_robot_controller/my_robot_controller.egg-info to /home/tiago/ros2_ws/install/my_robot_controller/lib/python3.10/site-packages/my_robot_controller-0.0.0-py3.10.egg-info
[0.737s] running install_scripts
[0.751s] Installing test_node script to /home/tiago/ros2_ws/install/my_robot_controller/lib/my_robot_controller
[0.751s] writing list of installed files to '/home/tiago/ros2_ws/build/my_robot_controller/install.log'
[0.768s] Invoked command in '/home/tiago/ros2_ws/src/my_robot_controller' returned '0': PYTHONPATH=/home/tiago/ros2_ws/build/my_robot_controller/prefix_override:/home/tiago/ros2_ws/install/my_robot_controller/lib/python3.10/site-packages:${PYTHONPATH} /usr/bin/python3 setup.py egg_info --egg-base ../../build/my_robot_controller build --build-base /home/tiago/ros2_ws/build/my_robot_controller/build install --record /home/tiago/ros2_ws/build/my_robot_controller/install.log --single-version-externally-managed
